gyp info it worked if it ends with ok
gyp info using node-gyp@9.3.1
gyp info using node@18.16.1 | linux | x64
gyp info find Python using Python version 3.10.12 found at "/usr/bin/python3"
gyp http GET https://nodejs.org/download/release/v18.16.1/node-v18.16.1-headers.tar.gz
gyp http 200 https://nodejs.org/download/release/v18.16.1/node-v18.16.1-headers.tar.gz
gyp http GET https://nodejs.org/download/release/v18.16.1/SHASUMS256.txt
gyp http 200 https://nodejs.org/download/release/v18.16.1/SHASUMS256.txt
gyp info spawn /usr/bin/python3
gyp info spawn args [
gyp info spawn args   '/usr/lib/node_modules/npm/node_modules/node-gyp/gyp/gyp_main.py',
gyp info spawn args   'binding.gyp',
gyp info spawn args   '-f',
gyp info spawn args   'make',
gyp info spawn args   '-I',
gyp info spawn args   '/home/harsh/Web-dev/Multiple_PUB_SUB_IOT/node_modules/bson/build/config.gypi',
gyp info spawn args   '-I',
gyp info spawn args   '/usr/lib/node_modules/npm/node_modules/node-gyp/addon.gypi',
gyp info spawn args   '-I',
gyp info spawn args   '/home/harsh/.cache/node-gyp/18.16.1/include/node/common.gypi',
gyp info spawn args   '-Dlibrary=shared_library',
gyp info spawn args   '-Dvisibility=default',
gyp info spawn args   '-Dnode_root_dir=/home/harsh/.cache/node-gyp/18.16.1',
gyp info spawn args   '-Dnode_gyp_dir=/usr/lib/node_modules/npm/node_modules/node-gyp',
gyp info spawn args   '-Dnode_lib_file=/home/harsh/.cache/node-gyp/18.16.1/<(target_arch)/node.lib',
gyp info spawn args   '-Dmodule_root_dir=/home/harsh/Web-dev/Multiple_PUB_SUB_IOT/node_modules/bson',
gyp info spawn args   '-Dnode_engine=v8',
gyp info spawn args   '--depth=.',
gyp info spawn args   '--no-parallel',
gyp info spawn args   '--generator-output',
gyp info spawn args   'build',
gyp info spawn args   '-Goutput_dir=.'
gyp info spawn args ]
gyp info spawn make
gyp info spawn args [ 'BUILDTYPE=Release', '-C', 'build' ]
In file included from ../ext/bson.h:17,
                 from ../ext/bson.cc:35:
../ext/nan.h:185:5: error: ‘v8::Handle’ has not been declared
  185 |   , v8::Handle<v8::String> opt, bool def
      |     ^~
../ext/nan.h:141:71: note: in definition of macro ‘NAN_INLINE’
  141 | # define NAN_INLINE(declarator) inline __attribute__((always_inline)) declarator
      |                                                                       ^~~~~~~~~~
../ext/nan.h:185:15: error: expected ‘,’ or ‘...’ before ‘<’ token
  185 |   , v8::Handle<v8::String> opt, bool def
      |               ^
../ext/nan.h:141:71: note: in definition of macro ‘NAN_INLINE’
  141 | # define NAN_INLINE(declarator) inline __attribute__((always_inline)) declarator
      |                                                                       ^~~~~~~~~~
../ext/nan.h: In function ‘bool NanBooleanOptionValue(v8::Local<v8::Object>, int)’:
../ext/nan.h:187:7: error: ‘def’ was not declared in this scope
  187 |   if (def) {
      |       ^~~
../ext/nan.h:189:27: error: ‘opt’ was not declared in this scope
  189 |       || !optionsObj->Has(opt)
      |                           ^~~
../ext/nan.h:193:26: error: ‘opt’ was not declared in this scope
  193 |       && optionsObj->Has(opt)
      |                          ^~~
../ext/nan.h: At global scope:
../ext/nan.h:200:5: error: ‘v8::Handle’ has not been declared
  200 |   , v8::Handle<v8::String> opt
      |     ^~
../ext/nan.h:141:71: note: in definition of macro ‘NAN_INLINE’
  141 | # define NAN_INLINE(declarator) inline __attribute__((always_inline)) declarator
      |                                                                       ^~~~~~~~~~
../ext/nan.h:200:15: error: expected ‘,’ or ‘...’ before ‘<’ token
  200 |   , v8::Handle<v8::String> opt
      |               ^
../ext/nan.h:141:71: note: in definition of macro ‘NAN_INLINE’
  141 | # define NAN_INLINE(declarator) inline __attribute__((always_inline)) declarator
      |                                                                       ^~~~~~~~~~
../ext/nan.h:198:24: error: redefinition of ‘bool NanBooleanOptionValue(v8::Local<v8::Object>, int)’
  198 | static NAN_INLINE(bool NanBooleanOptionValue(
      |                        ^~~~~~~~~~~~~~~~~~~~~
../ext/nan.h:141:71: note: in definition of macro ‘NAN_INLINE’
  141 | # define NAN_INLINE(declarator) inline __attribute__((always_inline)) declarator
      |                                                                       ^~~~~~~~~~
../ext/nan.h:183:24: note: ‘bool NanBooleanOptionValue(v8::Local<v8::Object>, int)’ previously defined here
  183 | static NAN_INLINE(bool NanBooleanOptionValue(
      |                        ^~~~~~~~~~~~~~~~~~~~~
../ext/nan.h:141:71: note: in definition of macro ‘NAN_INLINE’
  141 | # define NAN_INLINE(declarator) inline __attribute__((always_inline)) declarator
      |                                                                       ^~~~~~~~~~
../ext/nan.h: In function ‘bool NanBooleanOptionValue(v8::Local<v8::Object>, int)’:
../ext/nan.h:202:44: error: ‘opt’ was not declared in this scope
  202 |   return NanBooleanOptionValue(optionsObj, opt, false);
      |                                            ^~~
../ext/nan.h: At global scope:
../ext/nan.h:207:5: error: ‘v8::Handle’ has not been declared
  207 |   , v8::Handle<v8::String> opt
      |     ^~
../ext/nan.h:141:71: note: in definition of macro ‘NAN_INLINE’
  141 | # define NAN_INLINE(declarator) inline __attribute__((always_inline)) declarator
      |                                                                       ^~~~~~~~~~
../ext/nan.h:207:15: error: expected ‘,’ or ‘...’ before ‘<’ token
  207 |   , v8::Handle<v8::String> opt
      |               ^
../ext/nan.h:141:71: note: in definition of macro ‘NAN_INLINE’
  141 | # define NAN_INLINE(declarator) inline __attribute__((always_inline)) declarator
      |                                                                       ^~~~~~~~~~
../ext/nan.h: In function ‘uint32_t NanUInt32OptionValue(v8::Local<v8::Object>, int)’:
../ext/nan.h:211:24: error: ‘opt’ was not declared in this scope
  211 |     && optionsObj->Has(opt)
      |                        ^~~
../ext/nan.h:214:9: error: ‘def’ was not declared in this scope
  214 |       : def;
      |         ^~~
../ext/nan.h: At global scope:
../ext/nan.h:328:11: warning: ‘always_inline’ attribute ignored [-Wattributes]
  328 |       v8::Handle<T> val
      |           ^~~~~~
../ext/nan.h:141:71: note: in definition of macro ‘NAN_INLINE’
  141 | # define NAN_INLINE(declarator) inline __attribute__((always_inline)) declarator
      |                                                                       ^~~~~~~~~~
../ext/nan.h:328:11: error: ‘Handle’ is not a member of ‘v8’; did you mean ‘JobHandle’?
  328 |       v8::Handle<T> val
      |           ^~~~~~
../ext/nan.h:141:71: note: in definition of macro ‘NAN_INLINE’
  141 | # define NAN_INLINE(declarator) inline __attribute__((always_inline)) declarator
      |                                                                       ^~~~~~~~~~
../ext/nan.h:328:19: error: expected primary-expression before ‘>’ token
  328 |       v8::Handle<T> val
      |                   ^
../ext/nan.h:141:71: note: in definition of macro ‘NAN_INLINE’
  141 | # define NAN_INLINE(declarator) inline __attribute__((always_inline)) declarator
      |                                                                       ^~~~~~~~~~
../ext/nan.h:328:21: error: ‘val’ was not declared in this scope
  328 |       v8::Handle<T> val
      |                     ^~~
../ext/nan.h:141:71: note: in definition of macro ‘NAN_INLINE’
  141 | # define NAN_INLINE(declarator) inline __attribute__((always_inline)) declarator
      |                                                                       ^~~~~~~~~~
../ext/nan.h:329:6: error: expected ‘;’ before ‘{’ token
  329 |   )) {
      |      ^
../ext/nan.h:338:25: error: ‘Handle’ in namespace ‘v8’ does not name a template type; did you mean ‘JobHandle’?
  338 |   static NAN_INLINE(v8::Handle<v8::Value> NanError(const char* errmsg)) {
      |                         ^~~~~~
../ext/nan.h:141:71: note: in definition of macro ‘NAN_INLINE’
  141 | # define NAN_INLINE(declarator) inline __attribute__((always_inline)) declarator
      |                                                                       ^~~~~~~~~~
../ext/nan.h: In function ‘void NanThrowError(const char*)’:
../ext/nan.h:324:11: error: ‘ThrowException’ is not a member of ‘v8’; did you mean ‘Exception’?
  324 |       v8::ThrowException(_NAN_ERROR(fun, errmsg));                             \
      |           ^~~~~~~~~~~~~~
../ext/nan.h:343:5: note: in expansion of macro ‘_NAN_THROW_ERROR’
  343 |     _NAN_THROW_ERROR(v8::Exception::Error, errmsg);
      |     ^~~~~~~~~~~~~~~~
../ext/nan.h:319:50: error: ‘New’ is not a member of ‘v8::String’
  319 | # define _NAN_ERROR(fun, errmsg) fun(v8::String::New(errmsg))
      |                                                  ^~~
../ext/nan.h:324:26: note: in expansion of macro ‘_NAN_ERROR’
  324 |       v8::ThrowException(_NAN_ERROR(fun, errmsg));                             \
      |                          ^~~~~~~~~~
../ext/nan.h:343:5: note: in expansion of macro ‘_NAN_THROW_ERROR’
  343 |     _NAN_THROW_ERROR(v8::Exception::Error, errmsg);
      |     ^~~~~~~~~~~~~~~~
../ext/nan.h: At global scope:
../ext/nan.h:346:26: error: variable or field ‘NanThrowError’ declared void
  346 |   static NAN_INLINE(void NanThrowError(v8::Handle<v8::Value> error)) {
      |                          ^~~~~~~~~~~~~
../ext/nan.h:141:71: note: in definition of macro ‘NAN_INLINE’
  141 | # define NAN_INLINE(declarator) inline __attribute__((always_inline)) declarator
      |                                                                       ^~~~~~~~~~
../ext/nan.h:346:44: error: ‘Handle’ is not a member of ‘v8’; did you mean ‘JobHandle’?
  346 |   static NAN_INLINE(void NanThrowError(v8::Handle<v8::Value> error)) {
      |                                            ^~~~~~
../ext/nan.h:141:71: note: in definition of macro ‘NAN_INLINE’
  141 | # define NAN_INLINE(declarator) inline __attribute__((always_inline)) declarator
      |                                                                       ^~~~~~~~~~
../ext/nan.h:346:60: error: expected primary-expression before ‘>’ token
  346 |   static NAN_INLINE(void NanThrowError(v8::Handle<v8::Value> error)) {
      |                                                            ^
../ext/nan.h:141:71: note: in definition of macro ‘NAN_INLINE’
  141 | # define NAN_INLINE(declarator) inline __attribute__((always_inline)) declarator
      |                                                                       ^~~~~~~~~~
../ext/nan.h:346:62: error: ‘error’ was not declared in this scope; did you mean ‘perror’?
  346 |   static NAN_INLINE(void NanThrowError(v8::Handle<v8::Value> error)) {
      |                                                              ^~~~~
../ext/nan.h:141:71: note: in definition of macro ‘NAN_INLINE’
  141 | # define NAN_INLINE(declarator) inline __attribute__((always_inline)) declarator
      |                                                                       ^~~~~~~~~~
../ext/nan.h:351:25: error: ‘Handle’ in namespace ‘v8’ does not name a template type; did you mean ‘JobHandle’?
  351 |   static NAN_INLINE(v8::Handle<v8::Value> NanError(
      |                         ^~~~~~
../ext/nan.h:141:71: note: in definition of macro ‘NAN_INLINE’
  141 | # define NAN_INLINE(declarator) inline __attribute__((always_inline)) declarator
      |                                                                       ^~~~~~~~~~
../ext/nan.h: In function ‘void NanThrowError(const char*, int)’:
../ext/nan.h:365:19: error: ‘NanError’ was not declared in this scope
  365 |     NanThrowError(NanError(msg, errorNumber));
      |                   ^~~~~~~~
../ext/nan.h: At global scope:
../ext/nan.h:368:25: error: ‘Handle’ in namespace ‘v8’ does not name a template type; did you mean ‘JobHandle’?
  368 |   static NAN_INLINE(v8::Handle<v8::Value> NanTypeError(const char* errmsg)) {
      |                         ^~~~~~
../ext/nan.h:141:71: note: in definition of macro ‘NAN_INLINE’
  141 | # define NAN_INLINE(declarator) inline __attribute__((always_inline)) declarator
      |                                                                       ^~~~~~~~~~
../ext/nan.h: In function ‘void NanThrowTypeError(const char*)’:
../ext/nan.h:324:11: error: ‘ThrowException’ is not a member of ‘v8’; did you mean ‘Exception’?
  324 |       v8::ThrowException(_NAN_ERROR(fun, errmsg));                             \
      |           ^~~~~~~~~~~~~~
../ext/nan.h:373:5: note: in expansion of macro ‘_NAN_THROW_ERROR’
  373 |     _NAN_THROW_ERROR(v8::Exception::TypeError, errmsg);
      |     ^~~~~~~~~~~~~~~~
../ext/nan.h:319:50: error: ‘New’ is not a member of ‘v8::String’
  319 | # define _NAN_ERROR(fun, errmsg) fun(v8::String::New(errmsg))
      |                                                  ^~~
../ext/nan.h:324:26: note: in expansion of macro ‘_NAN_ERROR’
  324 |       v8::ThrowException(_NAN_ERROR(fun, errmsg));                             \
      |                          ^~~~~~~~~~
../ext/nan.h:373:5: note: in expansion of macro ‘_NAN_THROW_ERROR’
  373 |     _NAN_THROW_ERROR(v8::Exception::TypeError, errmsg);
      |     ^~~~~~~~~~~~~~~~
../ext/nan.h: At global scope:
../ext/nan.h:376:25: error: ‘Handle’ in namespace ‘v8’ does not name a template type; did you mean ‘JobHandle’?
  376 |   static NAN_INLINE(v8::Handle<v8::Value> NanRangeError(const char* errmsg)) {
      |                         ^~~~~~
../ext/nan.h:141:71: note: in definition of macro ‘NAN_INLINE’
  141 | # define NAN_INLINE(declarator) inline __attribute__((always_inline)) declarator
      |                                                                       ^~~~~~~~~~
../ext/nan.h: In function ‘void NanThrowRangeError(const char*)’:
../ext/nan.h:324:11: error: ‘ThrowException’ is not a member of ‘v8’; did you mean ‘Exception’?
  324 |       v8::ThrowException(_NAN_ERROR(fun, errmsg));                             \
      |           ^~~~~~~~~~~~~~
../ext/nan.h:381:5: note: in expansion of macro ‘_NAN_THROW_ERROR’
  381 |     _NAN_THROW_ERROR(v8::Exception::RangeError, errmsg);
      |     ^~~~~~~~~~~~~~~~
../ext/nan.h:319:50: error: ‘New’ is not a member of ‘v8::String’
  319 | # define _NAN_ERROR(fun, errmsg) fun(v8::String::New(errmsg))
      |                                                  ^~~
../ext/nan.h:324:26: note: in expansion of macro ‘_NAN_ERROR’
  324 |       v8::ThrowException(_NAN_ERROR(fun, errmsg));                             \
      |                          ^~~~~~~~~~
../ext/nan.h:381:5: note: in expansion of macro ‘_NAN_THROW_ERROR’
  381 |     _NAN_THROW_ERROR(v8::Exception::RangeError, errmsg);
      |     ^~~~~~~~~~~~~~~~
../ext/nan.h: At global scope:
../ext/nan.h:406:13: error: ‘node::smalloc’ has not been declared
  406 |     , node::smalloc::FreeCallback callback
      |             ^~~~~~~
../ext/nan.h:141:71: note: in definition of macro ‘NAN_INLINE’
  141 | # define NAN_INLINE(declarator) inline __attribute__((always_inline)) declarator
      |                                                                       ^~~~~~~~~~
../ext/nan.h:406:35: error: expected ‘,’ or ‘...’ before ‘callback’
  406 |     , node::smalloc::FreeCallback callback
      |                                   ^~~~~~~~
../ext/nan.h:141:71: note: in definition of macro ‘NAN_INLINE’
  141 | # define NAN_INLINE(declarator) inline __attribute__((always_inline)) declarator
      |                                                                       ^~~~~~~~~~
../ext/nan.h: In function ‘v8::Local<v8::Object> NanNewBufferHandle(char*, size_t, int)’:
../ext/nan.h:409:44: error: ‘callback’ was not declared in this scope; did you mean ‘calloc’?
  409 |     return node::Buffer::New(data, length, callback, hint);
      |                                            ^~~~~~~~
      |                                            calloc
../ext/nan.h:409:54: error: ‘hint’ was not declared in this scope; did you mean ‘uint’?
  409 |     return node::Buffer::New(data, length, callback, hint);
      |                                                      ^~~~
      |                                                      uint
../ext/nan.h: In function ‘v8::Local<v8::Object> NanNewBufferHandle(char*, uint32_t)’:
../ext/nan.h:416:29: error: no matching function for call to ‘New(char*&, uint32_t&)’
  416 |     return node::Buffer::New(data, size);
      |            ~~~~~~~~~~~~~~~~~^~~~~~~~~~~~
In file included from ../ext/bson.cc:24:
/home/harsh/.cache/node-gyp/18.16.1/include/node/node_buffer.h:49:40: note: candidate: ‘v8::MaybeLocal<v8::Object> node::Buffer::New(v8::Isolate*, size_t)’
   49 | NODE_EXTERN v8::MaybeLocal<v8::Object> New(v8::Isolate* isolate, size_t length);
      |                                        ^~~
/home/harsh/.cache/node-gyp/18.16.1/include/node/node_buffer.h:49:57: note:   no known conversion for argument 1 from ‘char*’ to ‘v8::Isolate*’
   49 | NODE_EXTERN v8::MaybeLocal<v8::Object> New(v8::Isolate* isolate, size_t length);
      |                                            ~~~~~~~~~~~~~^~~~~~~
/home/harsh/.cache/node-gyp/18.16.1/include/node/node_buffer.h:52:40: note: candidate: ‘v8::MaybeLocal<v8::Object> node::Buffer::New(v8::Isolate*, v8::Local<v8::String>, node::encoding)’
   52 | NODE_EXTERN v8::MaybeLocal<v8::Object> New(v8::Isolate* isolate,
      |                                        ^~~
/home/harsh/.cache/node-gyp/18.16.1/include/node/node_buffer.h:52:57: note:   no known conversion for argument 1 from ‘char*’ to ‘v8::Isolate*’
   52 | NODE_EXTERN v8::MaybeLocal<v8::Object> New(v8::Isolate* isolate,
      |                                            ~~~~~~~~~~~~~^~~~~~~
/home/harsh/.cache/node-gyp/18.16.1/include/node/node_buffer.h:57:40: note: candidate: ‘v8::MaybeLocal<v8::Object> node::Buffer::New(v8::Isolate*, char*, size_t, node::Buffer::FreeCallback, void*)’
   57 | NODE_EXTERN v8::MaybeLocal<v8::Object> New(v8::Isolate* isolate,
      |                                        ^~~
/home/harsh/.cache/node-gyp/18.16.1/include/node/node_buffer.h:57:40: note:   candidate expects 5 arguments, 2 provided
/home/harsh/.cache/node-gyp/18.16.1/include/node/node_buffer.h:64:40: note: candidate: ‘v8::MaybeLocal<v8::Object> node::Buffer::New(v8::Isolate*, char*, size_t)’
   64 | NODE_EXTERN v8::MaybeLocal<v8::Object> New(v8::Isolate* isolate,
      |                                        ^~~
/home/harsh/.cache/node-gyp/18.16.1/include/node/node_buffer.h:64:40: note:   candidate expects 3 arguments, 2 provided
/home/harsh/.cache/node-gyp/18.16.1/include/node/node_buffer.h:69:44: note: candidate: ‘v8::MaybeLocal<v8::Uint8Array> node::Buffer::New(v8::Isolate*, v8::Local<v8::ArrayBuffer>, size_t, size_t)’
   69 | NODE_EXTERN v8::MaybeLocal<v8::Uint8Array> New(v8::Isolate* isolate,
      |                                            ^~~
/home/harsh/.cache/node-gyp/18.16.1/include/node/node_buffer.h:69:44: note:   candidate expects 4 arguments, 2 provided
In file included from ../ext/bson.h:17,
                 from ../ext/bson.cc:35:
../ext/nan.h: In function ‘v8::Local<v8::Object> NanNewBufferHandle(uint32_t)’:
../ext/nan.h:420:29: error: no matching function for call to ‘New(uint32_t&)’
  420 |     return node::Buffer::New(size);
      |            ~~~~~~~~~~~~~~~~~^~~~~~
In file included from ../ext/bson.cc:24:
/home/harsh/.cache/node-gyp/18.16.1/include/node/node_buffer.h:49:40: note: candidate: ‘v8::MaybeLocal<v8::Object> node::Buffer::New(v8::Isolate*, size_t)’
   49 | NODE_EXTERN v8::MaybeLocal<v8::Object> New(v8::Isolate* isolate, size_t length);
      |                                        ^~~
/home/harsh/.cache/node-gyp/18.16.1/include/node/node_buffer.h:49:40: note:   candidate expects 2 arguments, 1 provided
/home/harsh/.cache/node-gyp/18.16.1/include/node/node_buffer.h:52:40: note: candidate: ‘v8::MaybeLocal<v8::Object> node::Buffer::New(v8::Isolate*, v8::Local<v8::String>, node::encoding)’
   52 | NODE_EXTERN v8::MaybeLocal<v8::Object> New(v8::Isolate* isolate,
      |                                        ^~~
/home/harsh/.cache/node-gyp/18.16.1/include/node/node_buffer.h:52:40: note:   candidate expects 3 arguments, 1 provided
/home/harsh/.cache/node-gyp/18.16.1/include/node/node_buffer.h:57:40: note: candidate: ‘v8::MaybeLocal<v8::Object> node::Buffer::New(v8::Isolate*, char*, size_t, node::Buffer::FreeCallback, void*)’
   57 | NODE_EXTERN v8::MaybeLocal<v8::Object> New(v8::Isolate* isolate,
      |                                        ^~~
/home/harsh/.cache/node-gyp/18.16.1/include/node/node_buffer.h:57:40: note:   candidate expects 5 arguments, 1 provided
/home/harsh/.cache/node-gyp/18.16.1/include/node/node_buffer.h:64:40: note: candidate: ‘v8::MaybeLocal<v8::Object> node::Buffer::New(v8::Isolate*, char*, size_t)’
   64 | NODE_EXTERN v8::MaybeLocal<v8::Object> New(v8::Isolate* isolate,
      |                                        ^~~
/home/harsh/.cache/node-gyp/18.16.1/include/node/node_buffer.h:64:40: note:   candidate expects 3 arguments, 1 provided
/home/harsh/.cache/node-gyp/18.16.1/include/node/node_buffer.h:69:44: note: candidate: ‘v8::MaybeLocal<v8::Uint8Array> node::Buffer::New(v8::Isolate*, v8::Local<v8::ArrayBuffer>, size_t, size_t)’
   69 | NODE_EXTERN v8::MaybeLocal<v8::Uint8Array> New(v8::Isolate* isolate,
      |                                            ^~~
/home/harsh/.cache/node-gyp/18.16.1/include/node/node_buffer.h:69:44: note:   candidate expects 4 arguments, 1 provided
In file included from ../ext/bson.h:17,
                 from ../ext/bson.cc:35:
../ext/nan.h: In function ‘v8::Local<v8::Object> NanBufferUse(char*, uint32_t)’:
../ext/nan.h:427:26: error: ‘Use’ is not a member of ‘node::Buffer’
  427 |     return node::Buffer::Use(data, size);
      |                          ^~~
../ext/nan.h: At global scope:
../ext/nan.h:439:7: error: ‘v8::Handle’ has not been declared
  439 |     , v8::Handle<v8::Value> value
      |       ^~
../ext/nan.h:141:71: note: in definition of macro ‘NAN_INLINE’
  141 | # define NAN_INLINE(declarator) inline __attribute__((always_inline)) declarator
      |                                                                       ^~~~~~~~~~
../ext/nan.h:439:17: error: expected ‘,’ or ‘...’ before ‘<’ token
  439 |     , v8::Handle<v8::Value> value
      |                 ^
../ext/nan.h:141:71: note: in definition of macro ‘NAN_INLINE’
  141 | # define NAN_INLINE(declarator) inline __attribute__((always_inline)) declarator
      |                                                                       ^~~~~~~~~~
../ext/nan.h: In function ‘bool NanHasInstance(v8::Persistent<v8::FunctionTemplate>&, int)’:
../ext/nan.h:441:65: error: ‘value’ was not declared in this scope
  441 |     return NanPersistentToLocal(function_template)->HasInstance(value);
      |                                                                 ^~~~~
../ext/nan.h: At global scope:
../ext/nan.h:446:7: error: ‘v8::Handle’ has not been declared
  446 |     , v8::Handle<v8::ObjectTemplate> tmpl = v8::Handle<v8::ObjectTemplate>()
      |       ^~
../ext/nan.h:141:71: note: in definition of macro ‘NAN_INLINE’
  141 | # define NAN_INLINE(declarator) inline __attribute__((always_inline)) declarator
      |                                                                       ^~~~~~~~~~
../ext/nan.h:446:17: error: expected ‘,’ or ‘...’ before ‘<’ token
  446 |     , v8::Handle<v8::ObjectTemplate> tmpl = v8::Handle<v8::ObjectTemplate>()
      |                 ^
../ext/nan.h:141:71: note: in definition of macro ‘NAN_INLINE’
  141 | # define NAN_INLINE(declarator) inline __attribute__((always_inline)) declarator
      |                                                                       ^~~~~~~~~~
../ext/nan.h:446:7: error: default argument missing for parameter 2 of ‘v8::Local<v8::Context> NanNewContextHandle(v8::ExtensionConfiguration*, int)’
  446 |     , v8::Handle<v8::ObjectTemplate> tmpl = v8::Handle<v8::ObjectTemplate>()
      |       ^~~~~~~~~~
../ext/nan.h:141:71: note: in definition of macro ‘NAN_INLINE’
  141 | # define NAN_INLINE(declarator) inline __attribute__((always_inline)) declarator
      |                                                                       ^~~~~~~~~~
../ext/nan.h:445:35: note: ...following parameter 1 which has a default argument
  445 |       v8::ExtensionConfiguration* extensions = NULL
      |                                   ^
../ext/nan.h:141:71: note: in definition of macro ‘NAN_INLINE’
  141 | # define NAN_INLINE(declarator) inline __attribute__((always_inline)) declarator
      |                                                                       ^~~~~~~~~~
../ext/nan.h: In function ‘v8::Local<v8::Context> NanNewContextHandle(v8::ExtensionConfiguration*, int)’:
../ext/nan.h:451:51: error: ‘tmpl’ was not declared in this scope; did you mean ‘tm’?
  451 |       , v8::Context::New(nan_isolate, extensions, tmpl, obj)
      |                                                   ^~~~
      |                                                   tm
../ext/nan.h:451:57: error: ‘obj’ was not declared in this scope
  451 |       , v8::Context::New(nan_isolate, extensions, tmpl, obj)
      |                                                         ^~~
../ext/nan.h: At global scope:
../ext/nan.h:731:25: error: ‘Handle’ in namespace ‘v8’ does not name a template type; did you mean ‘JobHandle’?
  731 |   NanCallback(const v8::Handle<v8::Function> &fn) {
      |                         ^~~~~~
      |                         JobHandle
../ext/nan.h:731:31: error: expected ‘,’ or ‘...’ before ‘<’ token
  731 |   NanCallback(const v8::Handle<v8::Function> &fn) {
      |                               ^
../ext/nan.h:744:41: error: ‘Handle’ in namespace ‘v8’ does not name a template type; did you mean ‘JobHandle’?
  744 |   NAN_INLINE(void SetFunction(const v8::Handle<v8::Function> &fn)) {
      |                                         ^~~~~~
../ext/nan.h:141:71: note: in definition of macro ‘NAN_INLINE’
  141 | # define NAN_INLINE(declarator) inline __attribute__((always_inline)) declarator
      |                                                                       ^~~~~~~~~~
../ext/nan.h:744:47: error: expected ‘,’ or ‘...’ before ‘<’ token
  744 |   NAN_INLINE(void SetFunction(const v8::Handle<v8::Function> &fn)) {
      |                                               ^
../ext/nan.h:141:71: note: in definition of macro ‘NAN_INLINE’
  141 | # define NAN_INLINE(declarator) inline __attribute__((always_inline)) declarator
      |                                                                       ^~~~~~~~~~
../ext/nan.h:754:23: error: ‘v8::Handle’ has not been declared
  754 |   void Call(int argc, v8::Handle<v8::Value> argv[]) {
      |                       ^~
../ext/nan.h:754:33: error: expected ‘,’ or ‘...’ before ‘<’ token
  754 |   void Call(int argc, v8::Handle<v8::Value> argv[]) {
      |                                 ^
../ext/nan.h: In constructor ‘NanCallback::NanCallback()’:
../ext/nan.h:727:48: error: no matching function for call to ‘v8::Object::New()’
  727 |     v8::Local<v8::Object> obj = v8::Object::New();
      |                                 ~~~~~~~~~~~~~~~^~
In file included from /home/harsh/.cache/node-gyp/18.16.1/include/node/v8-array-buffer.h:13,
                 from /home/harsh/.cache/node-gyp/18.16.1/include/node/v8.h:24,
                 from ../ext/bson.cc:14:
/home/harsh/.cache/node-gyp/18.16.1/include/node/v8-object.h:677:24: note: candidate: ‘static v8::Local<v8::Object> v8::Object::New(v8::Isolate*)’
  677 |   static Local<Object> New(Isolate* isolate);
      |                        ^~~
/home/harsh/.cache/node-gyp/18.16.1/include/node/v8-object.h:677:24: note:   candidate expects 1 argument, 0 provided
/home/harsh/.cache/node-gyp/18.16.1/include/node/v8-object.h:687:24: note: candidate: ‘static v8::Local<v8::Object> v8::Object::New(v8::Isolate*, v8::Local<v8::Value>, v8::Local<v8::Name>*, v8::Local<v8::Value>*, size_t)’
  687 |   static Local<Object> New(Isolate* isolate, Local<Value> prototype_or_null,
      |                        ^~~
/home/harsh/.cache/node-gyp/18.16.1/include/node/v8-object.h:687:24: note:   candidate expects 5 arguments, 0 provided
In file included from ../ext/bson.h:17,
                 from ../ext/bson.cc:35:
../ext/nan.h: In constructor ‘NanCallback::NanCallback(int)’:
../ext/nan.h:733:48: error: no matching function for call to ‘v8::Object::New()’
  733 |     v8::Local<v8::Object> obj = v8::Object::New();
      |                                 ~~~~~~~~~~~~~~~^~
In file included from /home/harsh/.cache/node-gyp/18.16.1/include/node/v8-array-buffer.h:13,
                 from /home/harsh/.cache/node-gyp/18.16.1/include/node/v8.h:24,
                 from ../ext/bson.cc:14:
/home/harsh/.cache/node-gyp/18.16.1/include/node/v8-object.h:677:24: note: candidate: ‘static v8::Local<v8::Object> v8::Object::New(v8::Isolate*)’
  677 |   static Local<Object> New(Isolate* isolate);
      |                        ^~~
/home/harsh/.cache/node-gyp/18.16.1/include/node/v8-object.h:677:24: note:   candidate expects 1 argument, 0 provided
/home/harsh/.cache/node-gyp/18.16.1/include/node/v8-object.h:687:24: note: candidate: ‘static v8::Local<v8::Object> v8::Object::New(v8::Isolate*, v8::Local<v8::Value>, v8::Local<v8::Name>*, v8::Local<v8::Value>*, size_t)’
  687 |   static Local<Object> New(Isolate* isolate, Local<Value> prototype_or_null,
      |                        ^~~
/home/harsh/.cache/node-gyp/18.16.1/include/node/v8-object.h:687:24: note:   candidate expects 5 arguments, 0 provided
In file included from ../ext/bson.h:17,
                 from ../ext/bson.cc:35:
../ext/nan.h:735:17: error: ‘fn’ was not declared in this scope; did you mean ‘yn’?
  735 |     SetFunction(fn);
      |                 ^~
      |                 yn
../ext/nan.h: In destructor ‘NanCallback::~NanCallback()’:
../ext/nan.h:740:12: error: ‘class v8::Persistent<v8::Object>’ has no member named ‘Dispose’
  740 |     handle.Dispose();
      |            ^~~~~~~
../ext/nan.h:741:12: error: ‘class v8::Persistent<v8::Object>’ has no member named ‘Clear’
  741 |     handle.Clear();
      |            ^~~~~
../ext/nan.h: In member function ‘void NanCallback::SetFunction(int)’:
../ext/nan.h:181:38: error: ‘NewSymbol’ is not a member of ‘v8::String’
  181 | #define NanSymbol(value) v8::String::NewSymbol(value)
      |                                      ^~~~~~~~~
../ext/nan.h:746:39: note: in expansion of macro ‘NanSymbol’
  746 |     NanPersistentToLocal(handle)->Set(NanSymbol("callback"), fn);
      |                                       ^~~~~~~~~
../ext/nan.h:746:62: error: ‘fn’ was not declared in this scope; did you mean ‘yn’?
  746 |     NanPersistentToLocal(handle)->Set(NanSymbol("callback"), fn);
      |                                                              ^~
      |                                                              yn
../ext/nan.h: In member function ‘v8::Local<v8::Function> NanCallback::GetFunction()’:
../ext/nan.h:181:38: error: ‘NewSymbol’ is not a member of ‘v8::String’
  181 | #define NanSymbol(value) v8::String::NewSymbol(value)
      |                                      ^~~~~~~~~
../ext/nan.h:750:46: note: in expansion of macro ‘NanSymbol’
  750 |     return NanPersistentToLocal(handle)->Get(NanSymbol("callback"))
      |                                              ^~~~~~~~~
../ext/nan.h:751:25: error: expected primary-expression before ‘>’ token
  751 |         .As<v8::Function>();
      |                         ^
../ext/nan.h:751:27: error: expected primary-expression before ‘)’ token
  751 |         .As<v8::Function>();
      |                           ^
../ext/nan.h: In member function ‘void NanCallback::Call(int, int)’:
../ext/nan.h:181:38: error: ‘NewSymbol’ is not a member of ‘v8::String’
  181 | #define NanSymbol(value) v8::String::NewSymbol(value)
      |                                      ^~~~~~~~~
../ext/nan.h:759:13: note: in expansion of macro ‘NanSymbol’
  759 |         Get(NanSymbol("callback")).As<v8::Function>();
      |             ^~~~~~~~~
../ext/nan.h:759:51: error: expected primary-expression before ‘>’ token
  759 |         Get(NanSymbol("callback")).As<v8::Function>();
      |                                                   ^
../ext/nan.h:759:53: error: expected primary-expression before ‘)’ token
  759 |         Get(NanSymbol("callback")).As<v8::Function>();
      |                                                     ^
../ext/nan.h:761:22: error: ‘GetCurrent’ is not a member of ‘v8::Context’
  761 |         v8::Context::GetCurrent()->Global()
      |                      ^~~~~~~~~~
../ext/nan.h:764:9: error: ‘argv’ was not declared in this scope; did you mean ‘argc’?
  764 |       , argv
      |         ^~~~
      |         argc
../ext/nan.h: In member function ‘void NanAsyncWorker::SavePersistent(const char*, v8::Local<v8::Object>&)’:
../ext/nan.h:181:38: error: ‘NewSymbol’ is not a member of ‘v8::String’
  181 | #define NanSymbol(value) v8::String::NewSymbol(value)
      |                                      ^~~~~~~~~
../ext/nan.h:808:17: note: in expansion of macro ‘NanSymbol’
  808 |     handle->Set(NanSymbol(key), obj);
      |                 ^~~~~~~~~
../ext/nan.h: In member function ‘v8::Local<v8::Object> NanAsyncWorker::GetFromPersistent(const char*)’:
../ext/nan.h:181:38: error: ‘NewSymbol’ is not a member of ‘v8::String’
  181 | #define NanSymbol(value) v8::String::NewSymbol(value)
      |                                      ^~~~~~~~~
../ext/nan.h:815:24: note: in expansion of macro ‘NanSymbol’
  815 |     return handle->Get(NanSymbol(key)).As<v8::Object>();
      |                        ^~~~~~~~~
../ext/nan.h:815:53: error: expected primary-expression before ‘>’ token
  815 |     return handle->Get(NanSymbol(key)).As<v8::Object>();
      |                                                     ^
../ext/nan.h:815:55: error: expected primary-expression before ‘)’ token
  815 |     return handle->Get(NanSymbol(key)).As<v8::Object>();
      |                                                       ^
../ext/nan.h: In member function ‘virtual void NanAsyncWorker::HandleOKCallback()’:
../ext/nan.h:830:23: warning: passing NULL to non-pointer argument 2 of ‘void NanCallback::Call(int, int)’ [-Wconversion-null]
  830 |     callback->Call(0, NULL);
      |                       ^~~~
../ext/nan.h:754:23: note:   declared here
  754 |   void Call(int argc, v8::Handle<v8::Value> argv[]) {
      |                       ^~~~~~~~~~
../ext/nan.h: In member function ‘virtual void NanAsyncWorker::HandleErrorCallback()’:
../ext/nan.h:837:42: error: ‘New’ is not a member of ‘v8::String’
  837 |         v8::Exception::Error(v8::String::New(errmsg))
      |                                          ^~~
../ext/nan.h:839:23: error: invalid conversion from ‘v8::Local<v8::Value>*’ to ‘int’ [-fpermissive]
  839 |     callback->Call(1, argv);
      |                       ^~~~
      |                       |
      |                       v8::Local<v8::Value>*
../ext/nan.h:754:23: note:   initializing argument 2 of ‘void NanCallback::Call(int, int)’
  754 |   void Call(int argc, v8::Handle<v8::Value> argv[]) {
      |                       ^~~~~~~~~~
../ext/nan.h: In function ‘void NanAsyncQueueWorker(NanAsyncWorker*)’:
../ext/nan.h:859:7: warning: cast between incompatible function types from ‘void (*)(uv_work_t*)’ {aka ‘void (*)(uv_work_s*)’} to ‘uv_after_work_cb’ {aka ‘void (*)(uv_work_s*, int)’} [-Wcast-function-type]
  859 |     , (uv_after_work_cb)NanAsyncExecuteComplete
      |       ^~~~~~~~~~~~~~~~~~~~~~~~~~~~~~~~~~~~~~~~~
../ext/nan.h: At global scope:
../ext/nan.h:992:9: error: ‘Handle’ is not a member of ‘v8’; did you mean ‘JobHandle’?
  992 |     v8::Handle<v8::Value> val
      |         ^~~~~~
      |         JobHandle
../ext/nan.h:992:25: error: expected primary-expression before ‘>’ token
  992 |     v8::Handle<v8::Value> val
      |                         ^
../ext/nan.h:992:27: error: ‘val’ was not declared in this scope
  992 |     v8::Handle<v8::Value> val
      |                           ^~~
../ext/nan.h:993:5: error: expected primary-expression before ‘const’
  993 |   , const char** data
      |     ^~~~~
../ext/nan.h:994:11: error: expected primary-expression before ‘*’ token
  994 |   , size_t* len
      |           ^
../ext/nan.h:994:13: error: ‘len’ was not declared in this scope
  994 |   , size_t* len
      |             ^~~
../ext/nan.h:995:1: error: expression list treated as compound expression in initializer [-fpermissive]
  995 | ) {
      | ^
../ext/nan.h:1028:9: warning: ‘always_inline’ attribute ignored [-Wattributes]
 1028 |     v8::Handle<v8::Value> from
      |         ^~~~~~
../ext/nan.h:141:71: note: in definition of macro ‘NAN_INLINE’
  141 | # define NAN_INLINE(declarator) inline __attribute__((always_inline)) declarator
      |                                                                       ^~~~~~~~~~
../ext/nan.h:1028:9: error: ‘Handle’ is not a member of ‘v8’; did you mean ‘JobHandle’?
 1028 |     v8::Handle<v8::Value> from
      |         ^~~~~~
../ext/nan.h:141:71: note: in definition of macro ‘NAN_INLINE’
  141 | # define NAN_INLINE(declarator) inline __attribute__((always_inline)) declarator
      |                                                                       ^~~~~~~~~~
../ext/nan.h:1028:25: error: expected primary-expression before ‘>’ token
 1028 |     v8::Handle<v8::Value> from
      |                         ^
../ext/nan.h:141:71: note: in definition of macro ‘NAN_INLINE’
  141 | # define NAN_INLINE(declarator) inline __attribute__((always_inline)) declarator
      |                                                                       ^~~~~~~~~~
../ext/nan.h:1028:27: error: ‘from’ was not declared in this scope; did you mean ‘fromfp’?
 1028 |     v8::Handle<v8::Value> from
      |                           ^~~~
../ext/nan.h:141:71: note: in definition of macro ‘NAN_INLINE’
  141 | # define NAN_INLINE(declarator) inline __attribute__((always_inline)) declarator
      |                                                                       ^~~~~~~~~~
../ext/nan.h:1029:5: error: expected primary-expression before ‘enum’
 1029 |   , enum Nan::Encoding encoding
      |     ^~~~
../ext/nan.h:141:71: note: in definition of macro ‘NAN_INLINE’
  141 | # define NAN_INLINE(declarator) inline __attribute__((always_inline)) declarator
      |                                                                       ^~~~~~~~~~
../ext/nan.h:1030:12: error: expected primary-expression before ‘*’ token
 1030 |   , size_t *datalen
      |            ^
../ext/nan.h:141:71: note: in definition of macro ‘NAN_INLINE’
  141 | # define NAN_INLINE(declarator) inline __attribute__((always_inline)) declarator
      |                                                                       ^~~~~~~~~~
../ext/nan.h:1030:13: error: ‘datalen’ was not declared in this scope
 1030 |   , size_t *datalen
      |             ^~~~~~~
../ext/nan.h:141:71: note: in definition of macro ‘NAN_INLINE’
  141 | # define NAN_INLINE(declarator) inline __attribute__((always_inline)) declarator
      |                                                                       ^~~~~~~~~~
../ext/nan.h:1031:5: error: expected primary-expression before ‘void’
 1031 |   , void *buf
      |     ^~~~
../ext/nan.h:141:71: note: in definition of macro ‘NAN_INLINE’
  141 | # define NAN_INLINE(declarator) inline __attribute__((always_inline)) declarator
      |                                                                       ^~~~~~~~~~
../ext/nan.h:1032:12: error: expected primary-expression before ‘buflen’
 1032 |   , size_t buflen
      |            ^~~~~~
../ext/nan.h:141:71: note: in definition of macro ‘NAN_INLINE’
  141 | # define NAN_INLINE(declarator) inline __attribute__((always_inline)) declarator
      |                                                                       ^~~~~~~~~~
../ext/nan.h:1033:5: error: expected primary-expression before ‘int’
 1033 |   , int flags
      |     ^~~
../ext/nan.h:141:71: note: in definition of macro ‘NAN_INLINE’
  141 | # define NAN_INLINE(declarator) inline __attribute__((always_inline)) declarator
      |                                                                       ^~~~~~~~~~
../ext/nan.h:1034:1: error: expression list treated as compound expression in initializer [-fpermissive]
 1034 | )) {
      | ^
../ext/nan.h:141:71: note: in definition of macro ‘NAN_INLINE’
  141 | # define NAN_INLINE(declarator) inline __attribute__((always_inline)) declarator
      |                                                                       ^~~~~~~~~~
../ext/nan.h:1175:9: warning: ‘always_inline’ attribute ignored [-Wattributes]
 1175 |     v8::Handle<v8::Value> from
      |         ^~~~~~
../ext/nan.h:141:71: note: in definition of macro ‘NAN_INLINE’
  141 | # define NAN_INLINE(declarator) inline __attribute__((always_inline)) declarator
      |                                                                       ^~~~~~~~~~
../ext/nan.h:1175:9: error: ‘Handle’ is not a member of ‘v8’; did you mean ‘JobHandle’?
 1175 |     v8::Handle<v8::Value> from
      |         ^~~~~~
../ext/nan.h:141:71: note: in definition of macro ‘NAN_INLINE’
  141 | # define NAN_INLINE(declarator) inline __attribute__((always_inline)) declarator
      |                                                                       ^~~~~~~~~~
../ext/nan.h:1175:25: error: expected primary-expression before ‘>’ token
 1175 |     v8::Handle<v8::Value> from
      |                         ^
../ext/nan.h:141:71: note: in definition of macro ‘NAN_INLINE’
  141 | # define NAN_INLINE(declarator) inline __attribute__((always_inline)) declarator
      |                                                                       ^~~~~~~~~~
../ext/nan.h:1175:27: error: ‘from’ was not declared in this scope; did you mean ‘fromfp’?
 1175 |     v8::Handle<v8::Value> from
      |                           ^~~~
../ext/nan.h:141:71: note: in definition of macro ‘NAN_INLINE’
  141 | # define NAN_INLINE(declarator) inline __attribute__((always_inline)) declarator
      |                                                                       ^~~~~~~~~~
../ext/nan.h:1176:5: error: expected primary-expression before ‘enum’
 1176 |   , enum Nan::Encoding encoding = Nan::UTF8
      |     ^~~~
../ext/nan.h:141:71: note: in definition of macro ‘NAN_INLINE’
  141 | # define NAN_INLINE(declarator) inline __attribute__((always_inline)) declarator
      |                                                                       ^~~~~~~~~~
../ext/nan.h:1177:12: error: expected primary-expression before ‘*’ token
 1177 |   , size_t *datalen = NULL
      |            ^
../ext/nan.h:141:71: note: in definition of macro ‘NAN_INLINE’
  141 | # define NAN_INLINE(declarator) inline __attribute__((always_inline)) declarator
      |                                                                       ^~~~~~~~~~
../ext/nan.h:1177:13: error: ‘datalen’ was not declared in this scope
 1177 |   , size_t *datalen = NULL
      |             ^~~~~~~
../ext/nan.h:141:71: note: in definition of macro ‘NAN_INLINE’
  141 | # define NAN_INLINE(declarator) inline __attribute__((always_inline)) declarator
      |                                                                       ^~~~~~~~~~
../ext/nan.h:1178:5: error: expected primary-expression before ‘char’
 1178 |   , char *buf = NULL
      |     ^~~~
../ext/nan.h:141:71: note: in definition of macro ‘NAN_INLINE’
  141 | # define NAN_INLINE(declarator) inline __attribute__((always_inline)) declarator
      |                                                                       ^~~~~~~~~~
../ext/nan.h:1179:12: error: expected primary-expression before ‘buflen’
 1179 |   , size_t buflen = 0
      |            ^~~~~~
../ext/nan.h:141:71: note: in definition of macro ‘NAN_INLINE’
  141 | # define NAN_INLINE(declarator) inline __attribute__((always_inline)) declarator
      |                                                                       ^~~~~~~~~~
../ext/nan.h:1180:5: error: expected primary-expression before ‘int’
 1180 |   , int flags =
      |     ^~~
../ext/nan.h:141:71: note: in definition of macro ‘NAN_INLINE’
  141 | # define NAN_INLINE(declarator) inline __attribute__((always_inline)) declarator
      |                                                                       ^~~~~~~~~~
../ext/nan.h:1182:1: error: expression list treated as compound expression in initializer [-fpermissive]
 1182 | )) {
      | ^
../ext/nan.h:141:71: note: in definition of macro ‘NAN_INLINE’
  141 | # define NAN_INLINE(declarator) inline __attribute__((always_inline)) declarator
      |                                                                       ^~~~~~~~~~
../ext/nan.h:1187:9: warning: ‘always_inline’ attribute ignored [-Wattributes]
 1187 |     v8::Handle<v8::Value> from
      |         ^~~~~~
../ext/nan.h:141:71: note: in definition of macro ‘NAN_INLINE’
  141 | # define NAN_INLINE(declarator) inline __attribute__((always_inline)) declarator
      |                                                                       ^~~~~~~~~~
../ext/nan.h:1187:9: error: ‘Handle’ is not a member of ‘v8’; did you mean ‘JobHandle’?
 1187 |     v8::Handle<v8::Value> from
      |         ^~~~~~
../ext/nan.h:141:71: note: in definition of macro ‘NAN_INLINE’
  141 | # define NAN_INLINE(declarator) inline __attribute__((always_inline)) declarator
      |                                                                       ^~~~~~~~~~
../ext/nan.h:1187:25: error: expected primary-expression before ‘>’ token
 1187 |     v8::Handle<v8::Value> from
      |                         ^
../ext/nan.h:141:71: note: in definition of macro ‘NAN_INLINE’
  141 | # define NAN_INLINE(declarator) inline __attribute__((always_inline)) declarator
      |                                                                       ^~~~~~~~~~
../ext/nan.h:1187:27: error: ‘from’ was not declared in this scope; did you mean ‘fromfp’?
 1187 |     v8::Handle<v8::Value> from
      |                           ^~~~
../ext/nan.h:141:71: note: in definition of macro ‘NAN_INLINE’
  141 | # define NAN_INLINE(declarator) inline __attribute__((always_inline)) declarator
      |                                                                       ^~~~~~~~~~
../ext/nan.h:1188:12: error: expected primary-expression before ‘*’ token
 1188 |   , size_t *datalen
      |            ^
../ext/nan.h:141:71: note: in definition of macro ‘NAN_INLINE’
  141 | # define NAN_INLINE(declarator) inline __attribute__((always_inline)) declarator
      |                                                                       ^~~~~~~~~~
../ext/nan.h:1188:13: error: ‘datalen’ was not declared in this scope
 1188 |   , size_t *datalen
      |             ^~~~~~~
../ext/nan.h:141:71: note: in definition of macro ‘NAN_INLINE’
  141 | # define NAN_INLINE(declarator) inline __attribute__((always_inline)) declarator
      |                                                                       ^~~~~~~~~~
../ext/nan.h:1189:5: error: expected primary-expression before ‘char’
 1189 |   , char *buf = NULL
      |     ^~~~
../ext/nan.h:141:71: note: in definition of macro ‘NAN_INLINE’
  141 | # define NAN_INLINE(declarator) inline __attribute__((always_inline)) declarator
      |                                                                       ^~~~~~~~~~
../ext/nan.h:1190:12: error: expected primary-expression before ‘buflen’
 1190 |   , size_t buflen = 0
      |            ^~~~~~
../ext/nan.h:141:71: note: in definition of macro ‘NAN_INLINE’
  141 | # define NAN_INLINE(declarator) inline __attribute__((always_inline)) declarator
      |                                                                       ^~~~~~~~~~
../ext/nan.h:1191:5: error: expected primary-expression before ‘int’
 1191 |   , int flags = v8::String::NO_OPTIONS
      |     ^~~
../ext/nan.h:141:71: note: in definition of macro ‘NAN_INLINE’
  141 | # define NAN_INLINE(declarator) inline __attribute__((always_inline)) declarator
      |                                                                       ^~~~~~~~~~
../ext/nan.h:1192:1: error: expression list treated as compound expression in initializer [-fpermissive]
 1192 | )) {
      | ^
../ext/nan.h:141:71: note: in definition of macro ‘NAN_INLINE’
  141 | # define NAN_INLINE(declarator) inline __attribute__((always_inline)) declarator
      |                                                                       ^~~~~~~~~~
In file included from ../ext/bson.cc:35:
../ext/bson.h:56:32: error: ‘Handle’ has not been declared
   56 |         static void Initialize(Handle<Object> target);
      |                                ^~~~~~
../ext/bson.h:56:38: error: expected ‘,’ or ‘...’ before ‘<’ token
   56 |         static void Initialize(Handle<Object> target);
      |                                      ^
../ext/bson.h:72:16: error: ‘Handle’ does not name a type
   72 |         static Handle<Value> deserialize(BSON *bson, char *data, uint32_t dataLength, uint32_t startIndex, bool is_array_item);
      |                ^~~~~~
../ext/bson.h:120:48: error: ‘Handle’ does not name a type
  120 |         Local<Object> GetSerializeObject(const Handle<Value>& object);
      |                                                ^~~~~~
../ext/bson.h:120:54: error: expected ‘,’ or ‘...’ before ‘<’ token
  120 |         Local<Object> GetSerializeObject(const Handle<Value>& object);
      |                                                      ^
../ext/bson.h:134:33: error: ‘Handle’ does not name a type
  134 |         void    WriteByte(const Handle<Object>&, const Handle<String>&) { ++count; }
      |                                 ^~~~~~
../ext/bson.h:134:39: error: expected ‘,’ or ‘...’ before ‘<’ token
  134 |         void    WriteByte(const Handle<Object>&, const Handle<String>&) { ++count; }
      |                                       ^
../ext/bson.h:134:17: error: ‘void CountStream::WriteByte(int)’ cannot be overloaded with ‘void CountStream::WriteByte(int)’
  134 |         void    WriteByte(const Handle<Object>&, const Handle<String>&) { ++count; }
      |                 ^~~~~~~~~
../ext/bson.h:133:17: note: previous declaration ‘void CountStream::WriteByte(int)’
  133 |         void    WriteByte(int value)                                                                    { ++count; }
      |                 ^~~~~~~~~
../ext/bson.h:135:33: error: ‘Handle’ does not name a type
  135 |         void    WriteBool(const Handle<Value>& value)                                   { ++count; }
      |                                 ^~~~~~
../ext/bson.h:135:39: error: expected ‘,’ or ‘...’ before ‘<’ token
  135 |         void    WriteBool(const Handle<Value>& value)                                   { ++count; }
      |                                       ^
../ext/bson.h:137:34: error: ‘Handle’ does not name a type
  137 |         void    WriteInt32(const Handle<Value>& value)                                  { count += 4; }
      |                                  ^~~~~~
../ext/bson.h:137:40: error: expected ‘,’ or ‘...’ before ‘<’ token
  137 |         void    WriteInt32(const Handle<Value>& value)                                  { count += 4; }
      |                                        ^
../ext/bson.h:137:17: error: ‘void CountStream::WriteInt32(int)’ cannot be overloaded with ‘void CountStream::WriteInt32(int32_t)’
  137 |         void    WriteInt32(const Handle<Value>& value)                                  { count += 4; }
      |                 ^~~~~~~~~~
../ext/bson.h:136:17: note: previous declaration ‘void CountStream::WriteInt32(int32_t)’
  136 |         void    WriteInt32(int32_t value)                                                               { count += 4; }
      |                 ^~~~~~~~~~
../ext/bson.h:138:34: error: ‘Handle’ does not name a type
  138 |         void    WriteInt32(const Handle<Object>& object, const Handle<String>& key) { count += 4; }
      |                                  ^~~~~~
../ext/bson.h:138:40: error: expected ‘,’ or ‘...’ before ‘<’ token
  138 |         void    WriteInt32(const Handle<Object>& object, const Handle<String>& key) { count += 4; }
      |                                        ^
../ext/bson.h:138:17: error: ‘void CountStream::WriteInt32(int)’ cannot be overloaded with ‘void CountStream::WriteInt32(int32_t)’
  138 |         void    WriteInt32(const Handle<Object>& object, const Handle<String>& key) { count += 4; }
      |                 ^~~~~~~~~~
../ext/bson.h:136:17: note: previous declaration ‘void CountStream::WriteInt32(int32_t)’
  136 |         void    WriteInt32(int32_t value)                                                               { count += 4; }
      |                 ^~~~~~~~~~
../ext/bson.h:140:34: error: ‘Handle’ does not name a type
  140 |         void    WriteInt64(const Handle<Value>& value)                                  { count += 8; }
      |                                  ^~~~~~
../ext/bson.h:140:40: error: expected ‘,’ or ‘...’ before ‘<’ token
  140 |         void    WriteInt64(const Handle<Value>& value)                                  { count += 8; }
      |                                        ^
../ext/bson.h:142:35: error: ‘Handle’ does not name a type
  142 |         void    WriteDouble(const Handle<Value>& value)                                 { count += 8; }
      |                                   ^~~~~~
../ext/bson.h:142:41: error: expected ‘,’ or ‘...’ before ‘<’ token
  142 |         void    WriteDouble(const Handle<Value>& value)                                 { count += 8; }
      |                                         ^
../ext/bson.h:143:35: error: ‘Handle’ does not name a type
  143 |         void    WriteDouble(const Handle<Object>&, const Handle<String>&) { count += 8; }
      |                                   ^~~~~~
../ext/bson.h:143:41: error: expected ‘,’ or ‘...’ before ‘<’ token
  143 |         void    WriteDouble(const Handle<Object>&, const Handle<String>&) { count += 8; }
      |                                         ^
../ext/bson.h:143:17: error: ‘void CountStream::WriteDouble(int)’ cannot be overloaded with ‘void CountStream::WriteDouble(int)’
  143 |         void    WriteDouble(const Handle<Object>&, const Handle<String>&) { count += 8; }
      |                 ^~~~~~~~~~~
../ext/bson.h:142:17: note: previous declaration ‘void CountStream::WriteDouble(int)’
  142 |         void    WriteDouble(const Handle<Value>& value)                                 { count += 8; }
      |                 ^~~~~~~~~~~
../ext/bson.h:146:37: error: ‘Handle’ does not name a type
  146 |         void    WriteObjectId(const Handle<Object>& object, const Handle<String>& key)                          { count += 12; }
      |                                     ^~~~~~
../ext/bson.h:146:43: error: expected ‘,’ or ‘...’ before ‘<’ token
  146 |         void    WriteObjectId(const Handle<Object>& object, const Handle<String>& key)                          { count += 12; }
      |                                           ^
../ext/bson.h: In member function ‘void CountStream::WriteLengthPrefixedString(const v8::Local<v8::String>&)’:
../ext/bson.h:145:101: error: no matching function for call to ‘v8::String::Utf8Length()’
  145 |         void    WriteLengthPrefixedString(const Local<String>& value)   { count += value->Utf8Length()+5; }
      |                                                                                    ~~~~~~~~~~~~~~~~~^~
In file included from /home/harsh/.cache/node-gyp/18.16.1/include/node/v8-object.h:11,
                 from /home/harsh/.cache/node-gyp/18.16.1/include/node/v8-array-buffer.h:13,
                 from /home/harsh/.cache/node-gyp/18.16.1/include/node/v8.h:24,
                 from ../ext/bson.cc:14:
/home/harsh/.cache/node-gyp/18.16.1/include/node/v8-primitive.h:142:7: note: candidate: ‘int v8::String::Utf8Length(v8::Isolate*) const’
  142 |   int Utf8Length(Isolate* isolate) const;
      |       ^~~~~~~~~~
/home/harsh/.cache/node-gyp/18.16.1/include/node/v8-primitive.h:142:7: note:   candidate expects 1 argument, 0 provided
In file included from ../ext/bson.cc:35:
../ext/bson.h: In member function ‘void CountStream::WriteString(const v8::Local<v8::String>&)’:
../ext/bson.h:147:117: error: no matching function for call to ‘v8::String::Utf8Length()’
  147 |         void    WriteString(const Local<String>& value)                                 { count += value->Utf8Length() + 1; }   // This returns the number of bytes exclusive of the NULL terminator
      |                                                                                                    ~~~~~~~~~~~~~~~~~^~
In file included from /home/harsh/.cache/node-gyp/18.16.1/include/node/v8-object.h:11,
                 from /home/harsh/.cache/node-gyp/18.16.1/include/node/v8-array-buffer.h:13,
                 from /home/harsh/.cache/node-gyp/18.16.1/include/node/v8.h:24,
                 from ../ext/bson.cc:14:
/home/harsh/.cache/node-gyp/18.16.1/include/node/v8-primitive.h:142:7: note: candidate: ‘int v8::String::Utf8Length(v8::Isolate*) const’
  142 |   int Utf8Length(Isolate* isolate) const;
      |       ^~~~~~~~~~
/home/harsh/.cache/node-gyp/18.16.1/include/node/v8-primitive.h:142:7: note:   candidate expects 1 argument, 0 provided
In file included from ../ext/bson.cc:35:
../ext/bson.h: At global scope:
../ext/bson.h:170:33: error: ‘Handle’ does not name a type
  170 |         void    WriteByte(const Handle<Object>& object, const Handle<String>& key)      { *p++ = object->Get(key)->Int32Value(); }
      |                                 ^~~~~~
../ext/bson.h:170:39: error: expected ‘,’ or ‘...’ before ‘<’ token
  170 |         void    WriteByte(const Handle<Object>& object, const Handle<String>& key)      { *p++ = object->Get(key)->Int32Value(); }
      |                                       ^
../ext/bson.h:170:17: error: ‘void DataStream::WriteByte(int)’ cannot be overloaded with ‘void DataStream::WriteByte(int)’
  170 |         void    WriteByte(const Handle<Object>& object, const Handle<String>& key)      { *p++ = object->Get(key)->Int32Value(); }
      |                 ^~~~~~~~~
../ext/bson.h:169:17: note: previous declaration ‘void DataStream::WriteByte(int)’
  169 |         void    WriteByte(int value)                                                                    { *p++ = value; }
      |                 ^~~~~~~~~
../ext/bson.h:180:33: error: ‘Handle’ does not name a type
  180 |         void    WriteBool(const Handle<Value>& value)                                   { WriteByte(value->BooleanValue() ? 1 : 0); }
      |                                 ^~~~~~
../ext/bson.h:180:39: error: expected ‘,’ or ‘...’ before ‘<’ token
  180 |         void    WriteBool(const Handle<Value>& value)                                   { WriteByte(value->BooleanValue() ? 1 : 0); }
      |                                       ^
../ext/bson.h:181:34: error: ‘Handle’ does not name a type
  181 |         void    WriteInt32(const Handle<Value>& value)                                  { WriteInt32(value->Int32Value());                      }
      |                                  ^~~~~~
../ext/bson.h:181:40: error: expected ‘,’ or ‘...’ before ‘<’ token
  181 |         void    WriteInt32(const Handle<Value>& value)                                  { WriteInt32(value->Int32Value());                      }
      |                                        ^
../ext/bson.h:181:17: error: ‘void DataStream::WriteInt32(int)’ cannot be overloaded with ‘void DataStream::WriteInt32(int32_t)’
  181 |         void    WriteInt32(const Handle<Value>& value)                                  { WriteInt32(value->Int32Value());                      }
      |                 ^~~~~~~~~~
../ext/bson.h:172:17: note: previous declaration ‘void DataStream::WriteInt32(int32_t)’
  172 |         void    WriteInt32(int32_t value)                                                               { *reinterpret_cast<int32_t*>(p) = value; p += 4; }
      |                 ^~~~~~~~~~
../ext/bson.h:182:34: error: ‘Handle’ does not name a type
  182 |         void    WriteInt32(const Handle<Object>& object, const Handle<String>& key) { WriteInt32(object->Get(key)); }
      |                                  ^~~~~~
../ext/bson.h:182:40: error: expected ‘,’ or ‘...’ before ‘<’ token
  182 |         void    WriteInt32(const Handle<Object>& object, const Handle<String>& key) { WriteInt32(object->Get(key)); }
      |                                        ^
../ext/bson.h:182:17: error: ‘void DataStream::WriteInt32(int)’ cannot be overloaded with ‘void DataStream::WriteInt32(int32_t)’
  182 |         void    WriteInt32(const Handle<Object>& object, const Handle<String>& key) { WriteInt32(object->Get(key)); }
      |                 ^~~~~~~~~~
../ext/bson.h:172:17: note: previous declaration ‘void DataStream::WriteInt32(int32_t)’
  172 |         void    WriteInt32(int32_t value)                                                               { *reinterpret_cast<int32_t*>(p) = value; p += 4; }
      |                 ^~~~~~~~~~
../ext/bson.h:183:34: error: ‘Handle’ does not name a type
  183 |         void    WriteInt64(const Handle<Value>& value)                                  { WriteInt64(value->IntegerValue());            }
      |                                  ^~~~~~
../ext/bson.h:183:40: error: expected ‘,’ or ‘...’ before ‘<’ token
  183 |         void    WriteInt64(const Handle<Value>& value)                                  { WriteInt64(value->IntegerValue());            }
      |                                        ^
../ext/bson.h:184:35: error: ‘Handle’ does not name a type
  184 |         void    WriteDouble(const Handle<Value>& value)                                 { WriteDouble(value->NumberValue());            }
      |                                   ^~~~~~
../ext/bson.h:184:41: error: expected ‘,’ or ‘...’ before ‘<’ token
  184 |         void    WriteDouble(const Handle<Value>& value)                                 { WriteDouble(value->NumberValue());            }
      |                                         ^
../ext/bson.h:185:35: error: ‘Handle’ does not name a type
  185 |         void    WriteDouble(const Handle<Object>& object, const Handle<String>& key) { WriteDouble(object->Get(key)); }
      |                                   ^~~~~~
../ext/bson.h:185:41: error: expected ‘,’ or ‘...’ before ‘<’ token
  185 |         void    WriteDouble(const Handle<Object>& object, const Handle<String>& key) { WriteDouble(object->Get(key)); }
      |                                         ^
../ext/bson.h:185:17: error: ‘void DataStream::WriteDouble(int)’ cannot be overloaded with ‘void DataStream::WriteDouble(int)’
  185 |         void    WriteDouble(const Handle<Object>& object, const Handle<String>& key) { WriteDouble(object->Get(key)); }
      |                 ^~~~~~~~~~~
../ext/bson.h:184:17: note: previous declaration ‘void DataStream::WriteDouble(int)’
  184 |         void    WriteDouble(const Handle<Value>& value)                                 { WriteDouble(value->NumberValue());            }
      |                 ^~~~~~~~~~~
../ext/bson.h:188:37: error: ‘Handle’ does not name a type
  188 |         void    WriteObjectId(const Handle<Object>& object, const Handle<String>& key);
      |                                     ^~~~~~
../ext/bson.h:188:43: error: expected ‘,’ or ‘...’ before ‘<’ token
  188 |         void    WriteObjectId(const Handle<Object>& object, const Handle<String>& key);
      |                                           ^
../ext/bson.h: In member function ‘void DataStream::WriteByte(int)’:
../ext/bson.h:170:98: error: ‘object’ was not declared in this scope
  170 |         void    WriteByte(const Handle<Object>& object, const Handle<String>& key)      { *p++ = object->Get(key)->Int32Value(); }
      |                                                                                                  ^~~~~~
../ext/bson.h:170:110: error: ‘key’ was not declared in this scope
  170 |         void    WriteByte(const Handle<Object>& object, const Handle<String>& key)      { *p++ = object->Get(key)->Int32Value(); }
      |                                                                                                              ^~~
../ext/bson.h: In member function ‘void DataStream::WriteBool(int)’:
../ext/bson.h:180:101: error: ‘value’ was not declared in this scope
  180 |         void    WriteBool(const Handle<Value>& value)                                   { WriteByte(value->BooleanValue() ? 1 : 0); }
      |                                                                                                     ^~~~~
../ext/bson.h: In member function ‘void DataStream::WriteInt32(int)’:
../ext/bson.h:181:102: error: ‘value’ was not declared in this scope
  181 |         void    WriteInt32(const Handle<Value>& value)                                  { WriteInt32(value->Int32Value());                      }
      |                                                                                                      ^~~~~
../ext/bson.h: In member function ‘void DataStream::WriteInt32(int)’:
../ext/bson.h:182:98: error: ‘object’ was not declared in this scope
  182 |         void    WriteInt32(const Handle<Object>& object, const Handle<String>& key) { WriteInt32(object->Get(key)); }
      |                                                                                                  ^~~~~~
../ext/bson.h:182:110: error: ‘key’ was not declared in this scope
  182 |         void    WriteInt32(const Handle<Object>& object, const Handle<String>& key) { WriteInt32(object->Get(key)); }
      |                                                                                                              ^~~
../ext/bson.h: In member function ‘void DataStream::WriteInt64(int)’:
../ext/bson.h:183:102: error: ‘value’ was not declared in this scope
  183 |         void    WriteInt64(const Handle<Value>& value)                                  { WriteInt64(value->IntegerValue());            }
      |                                                                                                      ^~~~~
../ext/bson.h: In member function ‘void DataStream::WriteDouble(int)’:
../ext/bson.h:184:103: error: ‘value’ was not declared in this scope
  184 |         void    WriteDouble(const Handle<Value>& value)                                 { WriteDouble(value->NumberValue());            }
      |                                                                                                       ^~~~~
../ext/bson.h: In member function ‘void DataStream::WriteDouble(int)’:
../ext/bson.h:185:100: error: ‘object’ was not declared in this scope
  185 |         void    WriteDouble(const Handle<Object>& object, const Handle<String>& key) { WriteDouble(object->Get(key)); }
      |                                                                                                    ^~~~~~
../ext/bson.h:185:112: error: ‘key’ was not declared in this scope
  185 |         void    WriteDouble(const Handle<Object>& object, const Handle<String>& key) { WriteDouble(object->Get(key)); }
      |                                                                                                                ^~~
../ext/bson.h: In member function ‘void DataStream::WriteLengthPrefixedString(const v8::Local<v8::String>&)’:
../ext/bson.h:187:103: error: no matching function for call to ‘v8::String::Utf8Length()’
  187 |         void    WriteLengthPrefixedString(const Local<String>& value)   { WriteInt32(value->Utf8Length()+1); WriteString(value); }
      |                                                                                      ~~~~~~~~~~~~~~~~~^~
In file included from /home/harsh/.cache/node-gyp/18.16.1/include/node/v8-object.h:11,
                 from /home/harsh/.cache/node-gyp/18.16.1/include/node/v8-array-buffer.h:13,
                 from /home/harsh/.cache/node-gyp/18.16.1/include/node/v8.h:24,
                 from ../ext/bson.cc:14:
/home/harsh/.cache/node-gyp/18.16.1/include/node/v8-primitive.h:142:7: note: candidate: ‘int v8::String::Utf8Length(v8::Isolate*) const’
  142 |   int Utf8Length(Isolate* isolate) const;
      |       ^~~~~~~~~~
/home/harsh/.cache/node-gyp/18.16.1/include/node/v8-primitive.h:142:7: note:   candidate expects 1 argument, 0 provided
In file included from ../ext/bson.cc:35:
../ext/bson.h: In member function ‘void DataStream::WriteString(const v8::Local<v8::String>&)’:
../ext/bson.h:189:112: error: no matching function for call to ‘v8::String::WriteUtf8(char*&)’
  189 |         void    WriteString(const Local<String>& value)                                 { p += value->WriteUtf8(p); }           // This returns the number of bytes inclusive of the NULL terminator.
      |                                                                                                ~~~~~~~~~~~~~~~~^~~
In file included from /home/harsh/.cache/node-gyp/18.16.1/include/node/v8-object.h:11,
                 from /home/harsh/.cache/node-gyp/18.16.1/include/node/v8-array-buffer.h:13,
                 from /home/harsh/.cache/node-gyp/18.16.1/include/node/v8.h:24,
                 from ../ext/bson.cc:14:
/home/harsh/.cache/node-gyp/18.16.1/include/node/v8-primitive.h:202:7: note: candidate: ‘int v8::String::WriteUtf8(v8::Isolate*, char*, int, int*, int) const’
  202 |   int WriteUtf8(Isolate* isolate, char* buffer, int length = -1,
      |       ^~~~~~~~~
/home/harsh/.cache/node-gyp/18.16.1/include/node/v8-primitive.h:202:7: note:   candidate expects 5 arguments, 1 provided
In file included from ../ext/bson.cc:35:
../ext/bson.h: At global scope:
../ext/bson.h:220:38: error: ‘Handle’ does not name a type
  220 |         void SerializeDocument(const Handle<Value>& value);
      |                                      ^~~~~~
../ext/bson.h:220:44: error: expected ‘,’ or ‘...’ before ‘<’ token
  220 |         void SerializeDocument(const Handle<Value>& value);
      |                                            ^
../ext/bson.h:221:35: error: ‘Handle’ does not name a type
  221 |         void SerializeArray(const Handle<Value>& value);
      |                                   ^~~~~~
../ext/bson.h:221:41: error: expected ‘,’ or ‘...’ before ‘<’ token
  221 |         void SerializeArray(const Handle<Value>& value);
      |                                         ^
../ext/bson.h:222:55: error: ‘Handle’ does not name a type
  222 |         void SerializeValue(void* typeLocation, const Handle<Value>& value);
      |                                                       ^~~~~~
../ext/bson.h:222:61: error: expected ‘,’ or ‘...’ before ‘<’ token
  222 |         void SerializeValue(void* typeLocation, const Handle<Value>& value);
      |                                                             ^
../ext/bson.h:238:9: error: ‘Handle’ does not name a type
  238 |         Handle<Value> DeserializeDocument(bool promoteLongs);
      |         ^~~~~~
../ext/bson.h:241:9: error: ‘Handle’ does not name a type
  241 |         Handle<Value>   ReadCString();
      |         ^~~~~~
../ext/bson.h:263:9: error: ‘Handle’ does not name a type
  263 |         Handle<Value> DeserializeArray(bool promoteLongs);
      |         ^~~~~~
../ext/bson.h:264:9: error: ‘Handle’ does not name a type
  264 |         Handle<Value> DeserializeValue(BsonType type, bool promoteLongs);
      |         ^~~~~~
../ext/bson.h:265:9: error: ‘Handle’ does not name a type
  265 |         Handle<Value> DeserializeDocumentInternal(bool promoteLongs);
      |         ^~~~~~
../ext/bson.h:266:9: error: ‘Handle’ does not name a type
  266 |         Handle<Value> DeserializeArrayInternal(bool promoteLongs);
      |         ^~~~~~
../ext/bson.cc:42:38: error: ‘Handle’ does not name a type
   42 | void DataStream::WriteObjectId(const Handle<Object>& object, const Handle<String>& key)
      |                                      ^~~~~~
../ext/bson.cc:42:44: error: expected ‘,’ or ‘...’ before ‘<’ token
   42 | void DataStream::WriteObjectId(const Handle<Object>& object, const Handle<String>& key)
      |                                            ^
../ext/bson.cc: In member function ‘void DataStream::WriteObjectId(int)’:
../ext/bson.cc:45:9: error: ‘object’ was not declared in this scope
   45 |         object->Get(key)->ToString()->Write(buffer, 0, 12);
      |         ^~~~~~
../ext/bson.cc:45:21: error: ‘key’ was not declared in this scope
   45 |         object->Get(key)->ToString()->Write(buffer, 0, 12);
      |                     ^~~
../ext/bson.cc: In member function ‘void DataStream::CheckKey(const v8::Local<v8::String>&)’:
../ext/bson.cc:65:47: error: no matching function for call to ‘v8::String::Utf8Length()’
   65 |         size_t keyLength = keyName->Utf8Length();
      |                            ~~~~~~~~~~~~~~~~~~~^~
In file included from /home/harsh/.cache/node-gyp/18.16.1/include/node/v8-object.h:11,
                 from /home/harsh/.cache/node-gyp/18.16.1/include/node/v8-array-buffer.h:13,
                 from /home/harsh/.cache/node-gyp/18.16.1/include/node/v8.h:24,
                 from ../ext/bson.cc:14:
/home/harsh/.cache/node-gyp/18.16.1/include/node/v8-primitive.h:142:7: note: candidate: ‘int v8::String::Utf8Length(v8::Isolate*) const’
  142 |   int Utf8Length(Isolate* isolate) const;
      |       ^~~~~~~~~~
/home/harsh/.cache/node-gyp/18.16.1/include/node/v8-primitive.h:142:7: note:   candidate expects 1 argument, 0 provided
../ext/bson.cc:71:27: error: no matching function for call to ‘v8::String::WriteUtf8(char*&)’
   71 |         keyName->WriteUtf8(keyStringBuffer);
      |         ~~~~~~~~~~~~~~~~~~^~~~~~~~~~~~~~~~~
In file included from /home/harsh/.cache/node-gyp/18.16.1/include/node/v8-object.h:11,
                 from /home/harsh/.cache/node-gyp/18.16.1/include/node/v8-array-buffer.h:13,
                 from /home/harsh/.cache/node-gyp/18.16.1/include/node/v8.h:24,
                 from ../ext/bson.cc:14:
/home/harsh/.cache/node-gyp/18.16.1/include/node/v8-primitive.h:202:7: note: candidate: ‘int v8::String::WriteUtf8(v8::Isolate*, char*, int, int*, int) const’
  202 |   int WriteUtf8(Isolate* isolate, char* buffer, int length = -1,
      |       ^~~~~~~~~
/home/harsh/.cache/node-gyp/18.16.1/include/node/v8-primitive.h:202:7: note:   candidate expects 5 arguments, 1 provided
../ext/bson.cc: At global scope:
../ext/bson.cc:91:70: error: ‘Handle’ does not name a type
   91 | template<typename T> void BSONSerializer<T>::SerializeDocument(const Handle<Value>& value)
      |                                                                      ^~~~~~
../ext/bson.cc:91:76: error: expected ‘,’ or ‘...’ before ‘<’ token
   91 | template<typename T> void BSONSerializer<T>::SerializeDocument(const Handle<Value>& value)
      |                                                                            ^
../ext/bson.cc: In member function ‘void BSONSerializer<T>::SerializeDocument(int)’:
../ext/bson.cc:94:57: error: ‘value’ was not declared in this scope
   94 |         Local<Object> object = bson->GetSerializeObject(value);
      |                                                         ^~~~~
../ext/bson.cc:100:61: error: no matching function for call to ‘v8::Object::GetOwnPropertyNames()’
  100 |     Local<Array> propertyNames = object->GetOwnPropertyNames();
      |                                  ~~~~~~~~~~~~~~~~~~~~~~~~~~~^~
In file included from /home/harsh/.cache/node-gyp/18.16.1/include/node/v8-array-buffer.h:13,
                 from /home/harsh/.cache/node-gyp/18.16.1/include/node/v8.h:24,
                 from ../ext/bson.cc:14:
/home/harsh/.cache/node-gyp/18.16.1/include/node/v8-object.h:410:43: note: candidate: ‘v8::MaybeLocal<v8::Array> v8::Object::GetOwnPropertyNames(v8::Local<v8::Context>)’
  410 |   V8_WARN_UNUSED_RESULT MaybeLocal<Array> GetOwnPropertyNames(
      |                                           ^~~~~~~~~~~~~~~~~~~
/home/harsh/.cache/node-gyp/18.16.1/include/node/v8-object.h:410:43: note:   candidate expects 1 argument, 0 provided
/home/harsh/.cache/node-gyp/18.16.1/include/node/v8-object.h:419:43: note: candidate: ‘v8::MaybeLocal<v8::Array> v8::Object::GetOwnPropertyNames(v8::Local<v8::Context>, v8::PropertyFilter, v8::KeyConversionMode)’
  419 |   V8_WARN_UNUSED_RESULT MaybeLocal<Array> GetOwnPropertyNames(
      |                                           ^~~~~~~~~~~~~~~~~~~
/home/harsh/.cache/node-gyp/18.16.1/include/node/v8-object.h:419:43: note:   candidate expects 3 arguments, 0 provided
../ext/bson.cc:107:71: error: no matching function for call to ‘v8::Array::Get(int&)’
  107 |                 const Local<String>& propertyName = propertyNames->Get(i)->ToString();
      |                                                     ~~~~~~~~~~~~~~~~~~^~~
In file included from /home/harsh/.cache/node-gyp/18.16.1/include/node/v8-array-buffer.h:13,
                 from /home/harsh/.cache/node-gyp/18.16.1/include/node/v8.h:24,
                 from ../ext/bson.cc:14:
/home/harsh/.cache/node-gyp/18.16.1/include/node/v8-object.h:290:43: note: candidate: ‘v8::MaybeLocal<v8::Value> v8::Object::Get(v8::Local<v8::Context>, v8::Local<v8::Value>)’
  290 |   V8_WARN_UNUSED_RESULT MaybeLocal<Value> Get(Local<Context> context,
      |                                           ^~~
/home/harsh/.cache/node-gyp/18.16.1/include/node/v8-object.h:290:43: note:   candidate expects 2 arguments, 1 provided
/home/harsh/.cache/node-gyp/18.16.1/include/node/v8-object.h:293:43: note: candidate: ‘v8::MaybeLocal<v8::Value> v8::Object::Get(v8::Local<v8::Context>, uint32_t)’
  293 |   V8_WARN_UNUSED_RESULT MaybeLocal<Value> Get(Local<Context> context,
      |                                           ^~~
/home/harsh/.cache/node-gyp/18.16.1/include/node/v8-object.h:293:43: note:   candidate expects 2 arguments, 1 provided
../ext/bson.cc:110:64: error: no matching function for call to ‘v8::Object::Get(const v8::Local<v8::String>&)’
  110 |                 const Local<Value>& propertyValue = object->Get(propertyName);
      |                                                     ~~~~~~~~~~~^~~~~~~~~~~~~~
In file included from /home/harsh/.cache/node-gyp/18.16.1/include/node/v8-array-buffer.h:13,
                 from /home/harsh/.cache/node-gyp/18.16.1/include/node/v8.h:24,
                 from ../ext/bson.cc:14:
/home/harsh/.cache/node-gyp/18.16.1/include/node/v8-object.h:290:43: note: candidate: ‘v8::MaybeLocal<v8::Value> v8::Object::Get(v8::Local<v8::Context>, v8::Local<v8::Value>)’
  290 |   V8_WARN_UNUSED_RESULT MaybeLocal<Value> Get(Local<Context> context,
      |                                           ^~~
/home/harsh/.cache/node-gyp/18.16.1/include/node/v8-object.h:290:43: note:   candidate expects 2 arguments, 1 provided
/home/harsh/.cache/node-gyp/18.16.1/include/node/v8-object.h:293:43: note: candidate: ‘v8::MaybeLocal<v8::Value> v8::Object::Get(v8::Local<v8::Context>, uint32_t)’
  293 |   V8_WARN_UNUSED_RESULT MaybeLocal<Value> Get(Local<Context> context,
      |                                           ^~~
/home/harsh/.cache/node-gyp/18.16.1/include/node/v8-object.h:293:43: note:   candidate expects 2 arguments, 1 provided
../ext/bson.cc: At global scope:
../ext/bson.cc:124:67: error: ‘Handle’ does not name a type
  124 | template<typename T> void BSONSerializer<T>::SerializeArray(const Handle<Value>& value)
      |                                                                   ^~~~~~
../ext/bson.cc:124:73: error: expected ‘,’ or ‘...’ before ‘<’ token
  124 | template<typename T> void BSONSerializer<T>::SerializeArray(const Handle<Value>& value)
      |                                                                         ^
../ext/bson.cc: In member function ‘void BSONSerializer<T>::SerializeArray(int)’:
../ext/bson.cc:128:49: error: ‘value’ was not declared in this scope
  128 |         Local<Array> array = Local<Array>::Cast(value->ToObject());
      |                                                 ^~~~~
../ext/bson.cc:135:56: error: no matching function for call to ‘v8::Array::Get(uint32_t&)’
  135 |                 SerializeValue(typeLocation, array->Get(i));
      |                                              ~~~~~~~~~~^~~
In file included from /home/harsh/.cache/node-gyp/18.16.1/include/node/v8-array-buffer.h:13,
                 from /home/harsh/.cache/node-gyp/18.16.1/include/node/v8.h:24,
                 from ../ext/bson.cc:14:
/home/harsh/.cache/node-gyp/18.16.1/include/node/v8-object.h:290:43: note: candidate: ‘v8::MaybeLocal<v8::Value> v8::Object::Get(v8::Local<v8::Context>, v8::Local<v8::Value>)’
  290 |   V8_WARN_UNUSED_RESULT MaybeLocal<Value> Get(Local<Context> context,
      |                                           ^~~
/home/harsh/.cache/node-gyp/18.16.1/include/node/v8-object.h:290:43: note:   candidate expects 2 arguments, 1 provided
/home/harsh/.cache/node-gyp/18.16.1/include/node/v8-object.h:293:43: note: candidate: ‘v8::MaybeLocal<v8::Value> v8::Object::Get(v8::Local<v8::Context>, uint32_t)’
  293 |   V8_WARN_UNUSED_RESULT MaybeLocal<Value> Get(Local<Context> context,
      |                                           ^~~
/home/harsh/.cache/node-gyp/18.16.1/include/node/v8-object.h:293:43: note:   candidate expects 2 arguments, 1 provided
../ext/bson.cc: At global scope:
../ext/bson.cc:145:87: error: ‘Handle’ does not name a type
  145 | template<typename T> void BSONSerializer<T>::SerializeValue(void* typeLocation, const Handle<Value>& value)
      |                                                                                       ^~~~~~
../ext/bson.cc:145:93: error: expected ‘,’ or ‘...’ before ‘<’ token
  145 | template<typename T> void BSONSerializer<T>::SerializeValue(void* typeLocation, const Handle<Value>& value)
      |                                                                                             ^
../ext/bson.cc: In member function ‘void BSONSerializer<T>::SerializeValue(void*, int)’:
../ext/bson.cc:147:12: error: ‘value’ was not declared in this scope
  147 |         if(value->IsNumber())
      |            ^~~~~
../ext/bson.cc:185:23: error: ‘Handle’ does not name a type
  185 |                 const Handle<RegExp>& regExp = Handle<RegExp>::Cast(value);
      |                       ^~~~~~
../ext/bson.cc:187:35: error: ‘regExp’ was not declared in this scope
  187 |                 this->WriteString(regExp->GetSource());
      |                                   ^~~~~~
../ext/bson.cc:203:31: error: no matching function for call to ‘v8::Object::Has(v8::Local<v8::String>)’
  203 |                 if(object->Has(NanPersistentToLocal(bson->_bsontypeString)))
      |                    ~~~~~~~~~~~^~~~~~~~~~~~~~~~~~~~~~~~~~~~~~~~~~~~~~~~~~~~~
In file included from /home/harsh/.cache/node-gyp/18.16.1/include/node/v8-array-buffer.h:13,
                 from /home/harsh/.cache/node-gyp/18.16.1/include/node/v8.h:24,
                 from ../ext/bson.cc:14:
/home/harsh/.cache/node-gyp/18.16.1/include/node/v8-object.h:325:37: note: candidate: ‘v8::Maybe<bool> v8::Object::Has(v8::Local<v8::Context>, v8::Local<v8::Value>)’
  325 |   V8_WARN_UNUSED_RESULT Maybe<bool> Has(Local<Context> context,
      |                                     ^~~
/home/harsh/.cache/node-gyp/18.16.1/include/node/v8-object.h:325:37: note:   candidate expects 2 arguments, 1 provided
/home/harsh/.cache/node-gyp/18.16.1/include/node/v8-object.h:331:37: note: candidate: ‘v8::Maybe<bool> v8::Object::Has(v8::Local<v8::Context>, uint32_t)’
  331 |   V8_WARN_UNUSED_RESULT Maybe<bool> Has(Local<Context> context, uint32_t index);
      |                                     ^~~
/home/harsh/.cache/node-gyp/18.16.1/include/node/v8-object.h:331:37: note:   candidate expects 2 arguments, 1 provided
../ext/bson.cc:227:62: error: no matching function for call to ‘v8::Object::Get(v8::Local<v8::String>)’
  227 |                                 uint32_t length = object->Get(NanPersistentToLocal(bson->_binaryPositionString))->Uint32Value();
      |                                                   ~~~~~~~~~~~^~~~~~~~~~~~~~~~~~~~~~~~~~~~~~~~~~~~~~~~~~~~~~~~~~~
In file included from /home/harsh/.cache/node-gyp/18.16.1/include/node/v8-array-buffer.h:13,
                 from /home/harsh/.cache/node-gyp/18.16.1/include/node/v8.h:24,
                 from ../ext/bson.cc:14:
/home/harsh/.cache/node-gyp/18.16.1/include/node/v8-object.h:290:43: note: candidate: ‘v8::MaybeLocal<v8::Value> v8::Object::Get(v8::Local<v8::Context>, v8::Local<v8::Value>)’
  290 |   V8_WARN_UNUSED_RESULT MaybeLocal<Value> Get(Local<Context> context,
      |                                           ^~~
/home/harsh/.cache/node-gyp/18.16.1/include/node/v8-object.h:290:43: note:   candidate expects 2 arguments, 1 provided
/home/harsh/.cache/node-gyp/18.16.1/include/node/v8-object.h:293:43: note: candidate: ‘v8::MaybeLocal<v8::Value> v8::Object::Get(v8::Local<v8::Context>, uint32_t)’
  293 |   V8_WARN_UNUSED_RESULT MaybeLocal<Value> Get(Local<Context> context,
      |                                           ^~~
/home/harsh/.cache/node-gyp/18.16.1/include/node/v8-object.h:293:43: note:   candidate expects 2 arguments, 1 provided
../ext/bson.cc:228:70: error: no matching function for call to ‘v8::Object::Get(v8::Local<v8::String>)’
  228 |                                 Local<Object> bufferObj = object->Get(NanPersistentToLocal(bson->_binaryBufferString))->ToObject();
      |                                                           ~~~~~~~~~~~^~~~~~~~~~~~~~~~~~~~~~~~~~~~~~~~~~~~~~~~~~~~~~~~~
In file included from /home/harsh/.cache/node-gyp/18.16.1/include/node/v8-array-buffer.h:13,
                 from /home/harsh/.cache/node-gyp/18.16.1/include/node/v8.h:24,
                 from ../ext/bson.cc:14:
/home/harsh/.cache/node-gyp/18.16.1/include/node/v8-object.h:290:43: note: candidate: ‘v8::MaybeLocal<v8::Value> v8::Object::Get(v8::Local<v8::Context>, v8::Local<v8::Value>)’
  290 |   V8_WARN_UNUSED_RESULT MaybeLocal<Value> Get(Local<Context> context,
      |                                           ^~~
/home/harsh/.cache/node-gyp/18.16.1/include/node/v8-object.h:290:43: note:   candidate expects 2 arguments, 1 provided
/home/harsh/.cache/node-gyp/18.16.1/include/node/v8-object.h:293:43: note: candidate: ‘v8::MaybeLocal<v8::Value> v8::Object::Get(v8::Local<v8::Context>, uint32_t)’
  293 |   V8_WARN_UNUSED_RESULT MaybeLocal<Value> Get(Local<Context> context,
      |                                           ^~~
/home/harsh/.cache/node-gyp/18.16.1/include/node/v8-object.h:293:43: note:   candidate expects 2 arguments, 1 provided
../ext/bson.cc:233:47: error: no matching function for call to ‘v8::Object::Get(v8::Local<v8::String>)’
  233 |                                 if(object->Get(NanPersistentToLocal(bson->_binarySubTypeString))->Int32Value() == 0x02) {
      |                                    ~~~~~~~~~~~^~~~~~~~~~~~~~~~~~~~~~~~~~~~~~~~~~~~~~~~~~~~~~~~~~
In file included from /home/harsh/.cache/node-gyp/18.16.1/include/node/v8-array-buffer.h:13,
                 from /home/harsh/.cache/node-gyp/18.16.1/include/node/v8.h:24,
                 from ../ext/bson.cc:14:
/home/harsh/.cache/node-gyp/18.16.1/include/node/v8-object.h:290:43: note: candidate: ‘v8::MaybeLocal<v8::Value> v8::Object::Get(v8::Local<v8::Context>, v8::Local<v8::Value>)’
  290 |   V8_WARN_UNUSED_RESULT MaybeLocal<Value> Get(Local<Context> context,
      |                                           ^~~
/home/harsh/.cache/node-gyp/18.16.1/include/node/v8-object.h:290:43: note:   candidate expects 2 arguments, 1 provided
/home/harsh/.cache/node-gyp/18.16.1/include/node/v8-object.h:293:43: note: candidate: ‘v8::MaybeLocal<v8::Value> v8::Object::Get(v8::Local<v8::Context>, uint32_t)’
  293 |   V8_WARN_UNUSED_RESULT MaybeLocal<Value> Get(Local<Context> context,
      |                                           ^~~
/home/harsh/.cache/node-gyp/18.16.1/include/node/v8-object.h:293:43: note:   candidate expects 2 arguments, 1 provided
../ext/bson.cc:247:76: error: no matching function for call to ‘v8::Object::Get(v8::Local<v8::String>)’
  247 |                                 this->WriteLengthPrefixedString(object->Get(NanPersistentToLocal(bson->_symbolValueString))->ToString());
      |                                                                 ~~~~~~~~~~~^~~~~~~~~~~~~~~~~~~~~~~~~~~~~~~~~~~~~~~~~~~~~~~~
In file included from /home/harsh/.cache/node-gyp/18.16.1/include/node/v8-array-buffer.h:13,
                 from /home/harsh/.cache/node-gyp/18.16.1/include/node/v8.h:24,
                 from ../ext/bson.cc:14:
/home/harsh/.cache/node-gyp/18.16.1/include/node/v8-object.h:290:43: note: candidate: ‘v8::MaybeLocal<v8::Value> v8::Object::Get(v8::Local<v8::Context>, v8::Local<v8::Value>)’
  290 |   V8_WARN_UNUSED_RESULT MaybeLocal<Value> Get(Local<Context> context,
      |                                           ^~~
/home/harsh/.cache/node-gyp/18.16.1/include/node/v8-object.h:290:43: note:   candidate expects 2 arguments, 1 provided
/home/harsh/.cache/node-gyp/18.16.1/include/node/v8-object.h:293:43: note: candidate: ‘v8::MaybeLocal<v8::Value> v8::Object::Get(v8::Local<v8::Context>, uint32_t)’
  293 |   V8_WARN_UNUSED_RESULT MaybeLocal<Value> Get(Local<Context> context,
      |                                           ^~~
/home/harsh/.cache/node-gyp/18.16.1/include/node/v8-object.h:293:43: note:   candidate expects 2 arguments, 1 provided
../ext/bson.cc:251:76: error: no matching function for call to ‘v8::Object::Get(v8::Local<v8::String>)’
  251 |                                 const Local<String>& function = object->Get(NanPersistentToLocal(bson->_codeCodeString))->ToString();
      |                                                                 ~~~~~~~~~~~^~~~~~~~~~~~~~~~~~~~~~~~~~~~~~~~~~~~~~~~~~~~~
In file included from /home/harsh/.cache/node-gyp/18.16.1/include/node/v8-array-buffer.h:13,
                 from /home/harsh/.cache/node-gyp/18.16.1/include/node/v8.h:24,
                 from ../ext/bson.cc:14:
/home/harsh/.cache/node-gyp/18.16.1/include/node/v8-object.h:290:43: note: candidate: ‘v8::MaybeLocal<v8::Value> v8::Object::Get(v8::Local<v8::Context>, v8::Local<v8::Value>)’
  290 |   V8_WARN_UNUSED_RESULT MaybeLocal<Value> Get(Local<Context> context,
      |                                           ^~~
/home/harsh/.cache/node-gyp/18.16.1/include/node/v8-object.h:290:43: note:   candidate expects 2 arguments, 1 provided
/home/harsh/.cache/node-gyp/18.16.1/include/node/v8-object.h:293:43: note: candidate: ‘v8::MaybeLocal<v8::Value> v8::Object::Get(v8::Local<v8::Context>, uint32_t)’
  293 |   V8_WARN_UNUSED_RESULT MaybeLocal<Value> Get(Local<Context> context,
      |                                           ^~~
/home/harsh/.cache/node-gyp/18.16.1/include/node/v8-object.h:293:43: note:   candidate expects 2 arguments, 1 provided
../ext/bson.cc:252:73: error: no matching function for call to ‘v8::Object::Get(v8::Local<v8::String>)’
  252 |                                 const Local<Object>& scope = object->Get(NanPersistentToLocal(bson->_codeScopeString))->ToObject();
      |                                                              ~~~~~~~~~~~^~~~~~~~~~~~~~~~~~~~~~~~~~~~~~~~~~~~~~~~~~~~~~
In file included from /home/harsh/.cache/node-gyp/18.16.1/include/node/v8-array-buffer.h:13,
                 from /home/harsh/.cache/node-gyp/18.16.1/include/node/v8.h:24,
                 from ../ext/bson.cc:14:
/home/harsh/.cache/node-gyp/18.16.1/include/node/v8-object.h:290:43: note: candidate: ‘v8::MaybeLocal<v8::Value> v8::Object::Get(v8::Local<v8::Context>, v8::Local<v8::Value>)’
  290 |   V8_WARN_UNUSED_RESULT MaybeLocal<Value> Get(Local<Context> context,
      |                                           ^~~
/home/harsh/.cache/node-gyp/18.16.1/include/node/v8-object.h:290:43: note:   candidate expects 2 arguments, 1 provided
/home/harsh/.cache/node-gyp/18.16.1/include/node/v8-object.h:293:43: note: candidate: ‘v8::MaybeLocal<v8::Value> v8::Object::Get(v8::Local<v8::Context>, uint32_t)’
  293 |   V8_WARN_UNUSED_RESULT MaybeLocal<Value> Get(Local<Context> context,
      |                                           ^~~
/home/harsh/.cache/node-gyp/18.16.1/include/node/v8-object.h:293:43: note:   candidate expects 2 arguments, 1 provided
../ext/bson.cc:258:73: error: no matching function for call to ‘v8::Object::GetOwnPropertyNames()’
  258 |                 uint32_t propertyNameLength = scope->GetOwnPropertyNames()->Length();
      |                                               ~~~~~~~~~~~~~~~~~~~~~~~~~~^~
In file included from /home/harsh/.cache/node-gyp/18.16.1/include/node/v8-array-buffer.h:13,
                 from /home/harsh/.cache/node-gyp/18.16.1/include/node/v8.h:24,
                 from ../ext/bson.cc:14:
/home/harsh/.cache/node-gyp/18.16.1/include/node/v8-object.h:410:43: note: candidate: ‘v8::MaybeLocal<v8::Array> v8::Object::GetOwnPropertyNames(v8::Local<v8::Context>)’
  410 |   V8_WARN_UNUSED_RESULT MaybeLocal<Array> GetOwnPropertyNames(
      |                                           ^~~~~~~~~~~~~~~~~~~
/home/harsh/.cache/node-gyp/18.16.1/include/node/v8-object.h:410:43: note:   candidate expects 1 argument, 0 provided
/home/harsh/.cache/node-gyp/18.16.1/include/node/v8-object.h:419:43: note: candidate: ‘v8::MaybeLocal<v8::Array> v8::Object::GetOwnPropertyNames(v8::Local<v8::Context>, v8::PropertyFilter, v8::KeyConversionMode)’
  419 |   V8_WARN_UNUSED_RESULT MaybeLocal<Array> GetOwnPropertyNames(
      |                                           ^~~~~~~~~~~~~~~~~~~
/home/harsh/.cache/node-gyp/18.16.1/include/node/v8-object.h:419:43: note:   candidate expects 3 arguments, 0 provided
../ext/bson.cc:265:91: error: no matching function for call to ‘v8::String::ToString()’
  265 |                                         this->WriteLengthPrefixedString(function->ToString());
      |                                                                         ~~~~~~~~~~~~~~~~~~^~
In file included from /home/harsh/.cache/node-gyp/18.16.1/include/node/v8-primitive.h:11,
                 from /home/harsh/.cache/node-gyp/18.16.1/include/node/v8-object.h:11,
                 from /home/harsh/.cache/node-gyp/18.16.1/include/node/v8-array-buffer.h:13,
                 from /home/harsh/.cache/node-gyp/18.16.1/include/node/v8.h:24,
                 from ../ext/bson.cc:14:
/home/harsh/.cache/node-gyp/18.16.1/include/node/v8-value.h:360:44: note: candidate: ‘v8::MaybeLocal<v8::String> v8::Value::ToString(v8::Local<v8::Context>) const’
  360 |   V8_WARN_UNUSED_RESULT MaybeLocal<String> ToString(
      |                                            ^~~~~~~~
/home/harsh/.cache/node-gyp/18.16.1/include/node/v8-value.h:360:44: note:   candidate expects 1 argument, 0 provided
../ext/bson.cc:272:91: error: no matching function for call to ‘v8::String::ToString()’
  272 |                                         this->WriteLengthPrefixedString(function->ToString());
      |                                                                         ~~~~~~~~~~~~~~~~~~^~
In file included from /home/harsh/.cache/node-gyp/18.16.1/include/node/v8-primitive.h:11,
                 from /home/harsh/.cache/node-gyp/18.16.1/include/node/v8-object.h:11,
                 from /home/harsh/.cache/node-gyp/18.16.1/include/node/v8-array-buffer.h:13,
                 from /home/harsh/.cache/node-gyp/18.16.1/include/node/v8.h:24,
                 from ../ext/bson.cc:14:
/home/harsh/.cache/node-gyp/18.16.1/include/node/v8-value.h:360:44: note: candidate: ‘v8::MaybeLocal<v8::String> v8::Value::ToString(v8::Local<v8::Context>) const’
  360 |   V8_WARN_UNUSED_RESULT MaybeLocal<String> ToString(
      |                                            ^~~~~~~~
/home/harsh/.cache/node-gyp/18.16.1/include/node/v8-value.h:360:44: note:   candidate expects 1 argument, 0 provided
../ext/bson.cc:283:68: error: no matching function for call to ‘v8::Object::Get(v8::Local<v8::String>)’
  283 |                                 SerializeValue(refType, object->Get(NanPersistentToLocal(bson->_dbRefNamespaceString)));
      |                                                         ~~~~~~~~~~~^~~~~~~~~~~~~~~~~~~~~~~~~~~~~~~~~~~~~~~~~~~~~~~~~~~
In file included from /home/harsh/.cache/node-gyp/18.16.1/include/node/v8-array-buffer.h:13,
                 from /home/harsh/.cache/node-gyp/18.16.1/include/node/v8.h:24,
                 from ../ext/bson.cc:14:
/home/harsh/.cache/node-gyp/18.16.1/include/node/v8-object.h:290:43: note: candidate: ‘v8::MaybeLocal<v8::Value> v8::Object::Get(v8::Local<v8::Context>, v8::Local<v8::Value>)’
  290 |   V8_WARN_UNUSED_RESULT MaybeLocal<Value> Get(Local<Context> context,
      |                                           ^~~
/home/harsh/.cache/node-gyp/18.16.1/include/node/v8-object.h:290:43: note:   candidate expects 2 arguments, 1 provided
/home/harsh/.cache/node-gyp/18.16.1/include/node/v8-object.h:293:43: note: candidate: ‘v8::MaybeLocal<v8::Value> v8::Object::Get(v8::Local<v8::Context>, uint32_t)’
  293 |   V8_WARN_UNUSED_RESULT MaybeLocal<Value> Get(Local<Context> context,
      |                                           ^~~
/home/harsh/.cache/node-gyp/18.16.1/include/node/v8-object.h:293:43: note:   candidate expects 2 arguments, 1 provided
../ext/bson.cc:287:67: error: no matching function for call to ‘v8::Object::Get(v8::Local<v8::String>)’
  287 |                                 SerializeValue(idType, object->Get(NanPersistentToLocal(bson->_dbRefOidString)));
      |                                                        ~~~~~~~~~~~^~~~~~~~~~~~~~~~~~~~~~~~~~~~~~~~~~~~~~~~~~~~~
In file included from /home/harsh/.cache/node-gyp/18.16.1/include/node/v8-array-buffer.h:13,
                 from /home/harsh/.cache/node-gyp/18.16.1/include/node/v8.h:24,
                 from ../ext/bson.cc:14:
/home/harsh/.cache/node-gyp/18.16.1/include/node/v8-object.h:290:43: note: candidate: ‘v8::MaybeLocal<v8::Value> v8::Object::Get(v8::Local<v8::Context>, v8::Local<v8::Value>)’
  290 |   V8_WARN_UNUSED_RESULT MaybeLocal<Value> Get(Local<Context> context,
      |                                           ^~~
/home/harsh/.cache/node-gyp/18.16.1/include/node/v8-object.h:290:43: note:   candidate expects 2 arguments, 1 provided
/home/harsh/.cache/node-gyp/18.16.1/include/node/v8-object.h:293:43: note: candidate: ‘v8::MaybeLocal<v8::Value> v8::Object::Get(v8::Local<v8::Context>, uint32_t)’
  293 |   V8_WARN_UNUSED_RESULT MaybeLocal<Value> Get(Local<Context> context,
      |                                           ^~~
/home/harsh/.cache/node-gyp/18.16.1/include/node/v8-object.h:293:43: note:   candidate expects 2 arguments, 1 provided
../ext/bson.cc:289:77: error: no matching function for call to ‘v8::Object::Get(v8::Local<v8::String>)’
  289 |                                 const Local<Value>& refDbValue = object->Get(NanPersistentToLocal(bson->_dbRefDbString));
      |                                                                  ~~~~~~~~~~~^~~~~~~~~~~~~~~~~~~~~~~~~~~~~~~~~~~~~~~~~~~~
In file included from /home/harsh/.cache/node-gyp/18.16.1/include/node/v8-array-buffer.h:13,
                 from /home/harsh/.cache/node-gyp/18.16.1/include/node/v8.h:24,
                 from ../ext/bson.cc:14:
/home/harsh/.cache/node-gyp/18.16.1/include/node/v8-object.h:290:43: note: candidate: ‘v8::MaybeLocal<v8::Value> v8::Object::Get(v8::Local<v8::Context>, v8::Local<v8::Value>)’
  290 |   V8_WARN_UNUSED_RESULT MaybeLocal<Value> Get(Local<Context> context,
      |                                           ^~~
/home/harsh/.cache/node-gyp/18.16.1/include/node/v8-object.h:290:43: note:   candidate expects 2 arguments, 1 provided
/home/harsh/.cache/node-gyp/18.16.1/include/node/v8-object.h:293:43: note: candidate: ‘v8::MaybeLocal<v8::Value> v8::Object::Get(v8::Local<v8::Context>, uint32_t)’
  293 |   V8_WARN_UNUSED_RESULT MaybeLocal<Value> Get(Local<Context> context,
      |                                           ^~~
/home/harsh/.cache/node-gyp/18.16.1/include/node/v8-object.h:293:43: note:   candidate expects 2 arguments, 1 provided
../ext/bson.cc: At global scope:
../ext/bson.cc:357:1: error: ‘Handle’ does not name a type
  357 | Handle<Value> BSONDeserializer::ReadCString()
      | ^~~~~~
../ext/bson.cc: In member function ‘v8::Local<v8::String> BSONDeserializer::ReadString()’:
../ext/bson.cc:399:24: error: ‘New’ is not a member of ‘v8::String’
  399 |         return String::New(start, length-1);
      |                        ^~~
../ext/bson.cc: In member function ‘v8::Local<v8::String> BSONDeserializer::ReadObjectId()’:
../ext/bson.cc:409:24: error: ‘New’ is not a member of ‘v8::String’
  409 |         return String::New(objectId, 12);
      |                        ^~~
../ext/bson.cc: At global scope:
../ext/bson.cc:412:1: error: ‘Handle’ does not name a type
  412 | Handle<Value> BSONDeserializer::DeserializeDocument(bool promoteLongs)
      | ^~~~~~
../ext/bson.cc:421:1: error: ‘Handle’ does not name a type
  421 | Handle<Value> BSONDeserializer::DeserializeDocumentInternal(bool promoteLongs)
      | ^~~~~~
../ext/bson.cc:449:1: error: ‘Handle’ does not name a type
  449 | Handle<Value> BSONDeserializer::DeserializeArray(bool promoteLongs)
      | ^~~~~~
../ext/bson.cc:458:1: error: ‘Handle’ does not name a type
  458 | Handle<Value> BSONDeserializer::DeserializeArrayInternal(bool promoteLongs)
      | ^~~~~~
../ext/bson.cc:474:1: error: ‘Handle’ does not name a type
  474 | Handle<Value> BSONDeserializer::DeserializeValue(BsonType type, bool promoteLongs)
      | ^~~~~~
In file included from ../ext/bson.h:17,
                 from ../ext/bson.cc:35:
../ext/bson.cc: In constructor ‘BSON::BSON()’:
../ext/bson.cc:607:62: error: ‘New’ is not a member of ‘v8::String’
  607 |         NanAssignPersistent(String, _bsontypeString, String::New("_bsontype"));
      |                                                              ^~~
../ext/nan.h:305:75: note: in definition of macro ‘NanAssignPersistent’
  305 | # define NanAssignPersistent(type, handle, obj) handle.Reset(nan_isolate, obj)
      |                                                                           ^~~
../ext/bson.cc:608:61: error: ‘New’ is not a member of ‘v8::String’
  608 |         NanAssignPersistent(String, _longLowString, String::New("low_"));
      |                                                             ^~~
../ext/nan.h:305:75: note: in definition of macro ‘NanAssignPersistent’
  305 | # define NanAssignPersistent(type, handle, obj) handle.Reset(nan_isolate, obj)
      |                                                                           ^~~
../ext/bson.cc:609:62: error: ‘New’ is not a member of ‘v8::String’
  609 |         NanAssignPersistent(String, _longHighString, String::New("high_"));
      |                                                              ^~~
../ext/nan.h:305:75: note: in definition of macro ‘NanAssignPersistent’
  305 | # define NanAssignPersistent(type, handle, obj) handle.Reset(nan_isolate, obj)
      |                                                                           ^~~
../ext/bson.cc:610:64: error: ‘New’ is not a member of ‘v8::String’
  610 |         NanAssignPersistent(String, _objectIDidString, String::New("id"));
      |                                                                ^~~
../ext/nan.h:305:75: note: in definition of macro ‘NanAssignPersistent’
  305 | # define NanAssignPersistent(type, handle, obj) handle.Reset(nan_isolate, obj)
      |                                                                           ^~~
../ext/bson.cc:611:68: error: ‘New’ is not a member of ‘v8::String’
  611 |         NanAssignPersistent(String, _binaryPositionString, String::New("position"));
      |                                                                    ^~~
../ext/nan.h:305:75: note: in definition of macro ‘NanAssignPersistent’
  305 | # define NanAssignPersistent(type, handle, obj) handle.Reset(nan_isolate, obj)
      |                                                                           ^~~
../ext/bson.cc:612:67: error: ‘New’ is not a member of ‘v8::String’
  612 |         NanAssignPersistent(String, _binarySubTypeString, String::New("sub_type"));
      |                                                                   ^~~
../ext/nan.h:305:75: note: in definition of macro ‘NanAssignPersistent’
  305 | # define NanAssignPersistent(type, handle, obj) handle.Reset(nan_isolate, obj)
      |                                                                           ^~~
../ext/bson.cc:613:66: error: ‘New’ is not a member of ‘v8::String’
  613 |         NanAssignPersistent(String, _binaryBufferString, String::New("buffer"));
      |                                                                  ^~~
../ext/nan.h:305:75: note: in definition of macro ‘NanAssignPersistent’
  305 | # define NanAssignPersistent(type, handle, obj) handle.Reset(nan_isolate, obj)
      |                                                                           ^~~
../ext/bson.cc:614:65: error: ‘New’ is not a member of ‘v8::String’
  614 |         NanAssignPersistent(String, _doubleValueString, String::New("value"));
      |                                                                 ^~~
../ext/nan.h:305:75: note: in definition of macro ‘NanAssignPersistent’
  305 | # define NanAssignPersistent(type, handle, obj) handle.Reset(nan_isolate, obj)
      |                                                                           ^~~
../ext/bson.cc:615:65: error: ‘New’ is not a member of ‘v8::String’
  615 |         NanAssignPersistent(String, _symbolValueString, String::New("value"));
      |                                                                 ^~~
../ext/nan.h:305:75: note: in definition of macro ‘NanAssignPersistent’
  305 | # define NanAssignPersistent(type, handle, obj) handle.Reset(nan_isolate, obj)
      |                                                                           ^~~
../ext/bson.cc:616:62: error: ‘New’ is not a member of ‘v8::String’
  616 |         NanAssignPersistent(String, _dbRefRefString, String::New("$ref"));
      |                                                              ^~~
../ext/nan.h:305:75: note: in definition of macro ‘NanAssignPersistent’
  305 | # define NanAssignPersistent(type, handle, obj) handle.Reset(nan_isolate, obj)
      |                                                                           ^~~
../ext/bson.cc:617:64: error: ‘New’ is not a member of ‘v8::String’
  617 |         NanAssignPersistent(String, _dbRefIdRefString, String::New("$id"));
      |                                                                ^~~
../ext/nan.h:305:75: note: in definition of macro ‘NanAssignPersistent’
  305 | # define NanAssignPersistent(type, handle, obj) handle.Reset(nan_isolate, obj)
      |                                                                           ^~~
../ext/bson.cc:618:64: error: ‘New’ is not a member of ‘v8::String’
  618 |         NanAssignPersistent(String, _dbRefDbRefString, String::New("$db"));
      |                                                                ^~~
../ext/nan.h:305:75: note: in definition of macro ‘NanAssignPersistent’
  305 | # define NanAssignPersistent(type, handle, obj) handle.Reset(nan_isolate, obj)
      |                                                                           ^~~
../ext/bson.cc:619:68: error: ‘New’ is not a member of ‘v8::String’
  619 |         NanAssignPersistent(String, _dbRefNamespaceString, String::New("namespace"));
      |                                                                    ^~~
../ext/nan.h:305:75: note: in definition of macro ‘NanAssignPersistent’
  305 | # define NanAssignPersistent(type, handle, obj) handle.Reset(nan_isolate, obj)
      |                                                                           ^~~
../ext/bson.cc:620:61: error: ‘New’ is not a member of ‘v8::String’
  620 |         NanAssignPersistent(String, _dbRefDbString, String::New("db"));
      |                                                             ^~~
../ext/nan.h:305:75: note: in definition of macro ‘NanAssignPersistent’
  305 | # define NanAssignPersistent(type, handle, obj) handle.Reset(nan_isolate, obj)
      |                                                                           ^~~
../ext/bson.cc:621:62: error: ‘New’ is not a member of ‘v8::String’
  621 |         NanAssignPersistent(String, _dbRefOidString, String::New("oid"));
      |                                                              ^~~
../ext/nan.h:305:75: note: in definition of macro ‘NanAssignPersistent’
  305 | # define NanAssignPersistent(type, handle, obj) handle.Reset(nan_isolate, obj)
      |                                                                           ^~~
../ext/bson.cc:622:62: error: ‘New’ is not a member of ‘v8::String’
  622 |         NanAssignPersistent(String, _codeCodeString, String::New("code"));
      |                                                              ^~~
../ext/nan.h:305:75: note: in definition of macro ‘NanAssignPersistent’
  305 | # define NanAssignPersistent(type, handle, obj) handle.Reset(nan_isolate, obj)
      |                                                                           ^~~
../ext/bson.cc:623:63: error: ‘New’ is not a member of ‘v8::String’
  623 |         NanAssignPersistent(String, _codeScopeString, String::New("scope"));
      |                                                               ^~~
../ext/nan.h:305:75: note: in definition of macro ‘NanAssignPersistent’
  305 | # define NanAssignPersistent(type, handle, obj) handle.Reset(nan_isolate, obj)
      |                                                                           ^~~
../ext/bson.cc:624:60: error: ‘New’ is not a member of ‘v8::String’
  624 |         NanAssignPersistent(String, _toBSONString, String::New("toBSON"));
      |                                                            ^~~
../ext/nan.h:305:75: note: in definition of macro ‘NanAssignPersistent’
  305 | # define NanAssignPersistent(type, handle, obj) handle.Reset(nan_isolate, obj)
      |                                                                           ^~~
../ext/bson.cc:626:57: error: ‘New’ is not a member of ‘v8::String’
  626 |         NanAssignPersistent(String, longString, String::New("Long"));
      |                                                         ^~~
../ext/nan.h:305:75: note: in definition of macro ‘NanAssignPersistent’
  305 | # define NanAssignPersistent(type, handle, obj) handle.Reset(nan_isolate, obj)
      |                                                                           ^~~
../ext/bson.cc:627:61: error: ‘New’ is not a member of ‘v8::String’
  627 |         NanAssignPersistent(String, objectIDString, String::New("ObjectID"));
      |                                                             ^~~
../ext/nan.h:305:75: note: in definition of macro ‘NanAssignPersistent’
  305 | # define NanAssignPersistent(type, handle, obj) handle.Reset(nan_isolate, obj)
      |                                                                           ^~~
../ext/bson.cc:628:59: error: ‘New’ is not a member of ‘v8::String’
  628 |         NanAssignPersistent(String, binaryString, String::New("Binary"));
      |                                                           ^~~
../ext/nan.h:305:75: note: in definition of macro ‘NanAssignPersistent’
  305 | # define NanAssignPersistent(type, handle, obj) handle.Reset(nan_isolate, obj)
      |                                                                           ^~~
../ext/bson.cc:629:57: error: ‘New’ is not a member of ‘v8::String’
  629 |         NanAssignPersistent(String, codeString, String::New("Code"));
      |                                                         ^~~
../ext/nan.h:305:75: note: in definition of macro ‘NanAssignPersistent’
  305 | # define NanAssignPersistent(type, handle, obj) handle.Reset(nan_isolate, obj)
      |                                                                           ^~~
../ext/bson.cc:630:58: error: ‘New’ is not a member of ‘v8::String’
  630 |         NanAssignPersistent(String, dbrefString, String::New("DBRef"));
      |                                                          ^~~
../ext/nan.h:305:75: note: in definition of macro ‘NanAssignPersistent’
  305 | # define NanAssignPersistent(type, handle, obj) handle.Reset(nan_isolate, obj)
      |                                                                           ^~~
../ext/bson.cc:631:59: error: ‘New’ is not a member of ‘v8::String’
  631 |         NanAssignPersistent(String, symbolString, String::New("Symbol"));
      |                                                           ^~~
../ext/nan.h:305:75: note: in definition of macro ‘NanAssignPersistent’
  305 | # define NanAssignPersistent(type, handle, obj) handle.Reset(nan_isolate, obj)
      |                                                                           ^~~
../ext/bson.cc:632:59: error: ‘New’ is not a member of ‘v8::String’
  632 |         NanAssignPersistent(String, doubleString, String::New("Double"));
      |                                                           ^~~
../ext/nan.h:305:75: note: in definition of macro ‘NanAssignPersistent’
  305 | # define NanAssignPersistent(type, handle, obj) handle.Reset(nan_isolate, obj)
      |                                                                           ^~~
../ext/bson.cc:633:62: error: ‘New’ is not a member of ‘v8::String’
  633 |         NanAssignPersistent(String, timestampString, String::New("Timestamp"));
      |                                                              ^~~
../ext/nan.h:305:75: note: in definition of macro ‘NanAssignPersistent’
  305 | # define NanAssignPersistent(type, handle, obj) handle.Reset(nan_isolate, obj)
      |                                                                           ^~~
../ext/bson.cc:634:59: error: ‘New’ is not a member of ‘v8::String’
  634 |         NanAssignPersistent(String, minKeyString, String::New("MinKey"));
      |                                                           ^~~
../ext/nan.h:305:75: note: in definition of macro ‘NanAssignPersistent’
  305 | # define NanAssignPersistent(type, handle, obj) handle.Reset(nan_isolate, obj)
      |                                                                           ^~~
../ext/bson.cc:635:59: error: ‘New’ is not a member of ‘v8::String’
  635 |         NanAssignPersistent(String, maxKeyString, String::New("MaxKey"));
      |                                                           ^~~
../ext/nan.h:305:75: note: in definition of macro ‘NanAssignPersistent’
  305 | # define NanAssignPersistent(type, handle, obj) handle.Reset(nan_isolate, obj)
      |                                                                           ^~~
../ext/bson.cc: At global scope:
../ext/bson.cc:638:6: error: variable or field ‘Initialize’ declared void
  638 | void BSON::Initialize(v8::Handle<v8::Object> target)
      |      ^~~~
../ext/bson.cc:638:27: error: ‘Handle’ is not a member of ‘v8’; did you mean ‘JobHandle’?
  638 | void BSON::Initialize(v8::Handle<v8::Object> target)
      |                           ^~~~~~
      |                           JobHandle
../ext/bson.cc:638:44: error: expected primary-expression before ‘>’ token
  638 | void BSON::Initialize(v8::Handle<v8::Object> target)
      |                                            ^
../ext/bson.cc:638:46: error: ‘target’ was not declared in this scope
  638 | void BSON::Initialize(v8::Handle<v8::Object> target)
      |                                              ^~~~~~
../ext/bson.cc: In static member function ‘static void BSON::New(const v8::FunctionCallbackInfo<v8::Value>&)’:
../ext/bson.cc:680:88: error: no matching function for call to ‘v8::Array::Get(uint32_t&)’
  680 |                                 Local<Function> func = Local<Function>::Cast(array->Get(i));
      |                                                                              ~~~~~~~~~~^~~
In file included from /home/harsh/.cache/node-gyp/18.16.1/include/node/v8-array-buffer.h:13,
                 from /home/harsh/.cache/node-gyp/18.16.1/include/node/v8.h:24,
                 from ../ext/bson.cc:14:
/home/harsh/.cache/node-gyp/18.16.1/include/node/v8-object.h:290:43: note: candidate: ‘v8::MaybeLocal<v8::Value> v8::Object::Get(v8::Local<v8::Context>, v8::Local<v8::Value>)’
  290 |   V8_WARN_UNUSED_RESULT MaybeLocal<Value> Get(Local<Context> context,
      |                                           ^~~
/home/harsh/.cache/node-gyp/18.16.1/include/node/v8-object.h:290:43: note:   candidate expects 2 arguments, 1 provided
/home/harsh/.cache/node-gyp/18.16.1/include/node/v8-object.h:293:43: note: candidate: ‘v8::MaybeLocal<v8::Value> v8::Object::Get(v8::Local<v8::Context>, uint32_t)’
  293 |   V8_WARN_UNUSED_RESULT MaybeLocal<Value> Get(Local<Context> context,
      |                                           ^~~
/home/harsh/.cache/node-gyp/18.16.1/include/node/v8-object.h:293:43: note:   candidate expects 2 arguments, 1 provided
../ext/bson.cc:681:87: error: no matching function for call to ‘v8::Value::ToString()’
  681 |                                 Local<String> functionName = func->GetName()->ToString();
      |                                                              ~~~~~~~~~~~~~~~~~~~~~~~~~^~
In file included from /home/harsh/.cache/node-gyp/18.16.1/include/node/v8-primitive.h:11,
                 from /home/harsh/.cache/node-gyp/18.16.1/include/node/v8-object.h:11,
                 from /home/harsh/.cache/node-gyp/18.16.1/include/node/v8-array-buffer.h:13,
                 from /home/harsh/.cache/node-gyp/18.16.1/include/node/v8.h:24,
                 from ../ext/bson.cc:14:
/home/harsh/.cache/node-gyp/18.16.1/include/node/v8-value.h:360:44: note: candidate: ‘v8::MaybeLocal<v8::String> v8::Value::ToString(v8::Local<v8::Context>) const’
  360 |   V8_WARN_UNUSED_RESULT MaybeLocal<String> ToString(
      |                                            ^~~~~~~~
/home/harsh/.cache/node-gyp/18.16.1/include/node/v8-value.h:360:44: note:   candidate expects 1 argument, 0 provided
../ext/bson.cc: In static member function ‘static void BSON::BSONDeserialize(const v8::FunctionCallbackInfo<v8::Value>&)’:
../ext/bson.cc:755:58: error: no matching function for call to ‘v8::Value::ToObject()’
  755 |                 Local<Object> options = args[1]->ToObject();
      |                                         ~~~~~~~~~~~~~~~~~^~
In file included from /home/harsh/.cache/node-gyp/18.16.1/include/node/v8-primitive.h:11,
                 from /home/harsh/.cache/node-gyp/18.16.1/include/node/v8-object.h:11,
                 from /home/harsh/.cache/node-gyp/18.16.1/include/node/v8-array-buffer.h:13,
                 from /home/harsh/.cache/node-gyp/18.16.1/include/node/v8.h:24,
                 from ../ext/bson.cc:14:
/home/harsh/.cache/node-gyp/18.16.1/include/node/v8-value.h:372:44: note: candidate: ‘v8::MaybeLocal<v8::Object> v8::Value::ToObject(v8::Local<v8::Context>) const’
  372 |   V8_WARN_UNUSED_RESULT MaybeLocal<Object> ToObject(
      |                                            ^~~~~~~~
/home/harsh/.cache/node-gyp/18.16.1/include/node/v8-value.h:372:44: note:   candidate expects 1 argument, 0 provided
../ext/bson.cc:757:41: error: ‘New’ is not a member of ‘v8::String’
  757 |                 if(options->Has(String::New("promoteLongs"))) {
      |                                         ^~~
../ext/bson.cc:758:61: error: ‘New’ is not a member of ‘v8::String’
  758 |                         promoteLongs = options->Get(String::New("promoteLongs"))->ToBoolean()->Value();
      |                                                             ^~~
../ext/bson.cc:763:46: error: no matching function for call to ‘v8::Value::ToObject()’
  763 |         Local<Object> obj = args[0]->ToObject();
      |                             ~~~~~~~~~~~~~~~~~^~
In file included from /home/harsh/.cache/node-gyp/18.16.1/include/node/v8-primitive.h:11,
                 from /home/harsh/.cache/node-gyp/18.16.1/include/node/v8-object.h:11,
                 from /home/harsh/.cache/node-gyp/18.16.1/include/node/v8-array-buffer.h:13,
                 from /home/harsh/.cache/node-gyp/18.16.1/include/node/v8.h:24,
                 from ../ext/bson.cc:14:
/home/harsh/.cache/node-gyp/18.16.1/include/node/v8-value.h:372:44: note: candidate: ‘v8::MaybeLocal<v8::Object> v8::Value::ToObject(v8::Local<v8::Context>) const’
  372 |   V8_WARN_UNUSED_RESULT MaybeLocal<Object> ToObject(
      |                                            ^~~~~~~~
/home/harsh/.cache/node-gyp/18.16.1/include/node/v8-value.h:372:44: note:   candidate expects 1 argument, 0 provided
In file included from ../ext/bson.h:17,
                 from ../ext/bson.cc:35:
../ext/bson.cc:787:53: error: ‘class BSONDeserializer’ has no member named ‘DeserializeDocument’
  787 |                         NanReturnValue(deserializer.DeserializeDocument(promoteLongs));
      |                                                     ^~~~~~~~~~~~~~~~~~~
../ext/nan.h:301:65: note: in definition of macro ‘NanReturnValue’
  301 | # define NanReturnValue(value) return args.GetReturnValue().Set(value)
      |                                                                 ^~~~~
../ext/bson.cc:791:55: error: ‘New’ is not a member of ‘v8::String’
  791 |                         Local<String> error = String::New(exception);
      |                                                       ^~~
../ext/bson.cc:793:45: error: no matching function for call to ‘NanThrowError(v8::Local<v8::String>&)’
  793 |                         return NanThrowError(error);
      |                                ~~~~~~~~~~~~~^~~~~~~
In file included from ../ext/bson.h:17,
                 from ../ext/bson.cc:35:
../ext/nan.h:342:26: note: candidate: ‘void NanThrowError(const char*)’
  342 |   static NAN_INLINE(void NanThrowError(const char* errmsg)) {
      |                          ^~~~~~~~~~~~~
../ext/nan.h:141:71: note: in definition of macro ‘NAN_INLINE’
  141 | # define NAN_INLINE(declarator) inline __attribute__((always_inline)) declarator
      |                                                                       ^~~~~~~~~~
../ext/nan.h:342:52: note:   no known conversion for argument 1 from ‘v8::Local<v8::String>’ to ‘const char*’
  342 |   static NAN_INLINE(void NanThrowError(const char* errmsg)) {
      |                                        ~~~~~~~~~~~~^~~~~~
../ext/nan.h:141:71: note: in definition of macro ‘NAN_INLINE’
  141 | # define NAN_INLINE(declarator) inline __attribute__((always_inline)) declarator
      |                                                                       ^~~~~~~~~~
../ext/nan.h:361:26: note: candidate: ‘void NanThrowError(const char*, int)’
  361 |   static NAN_INLINE(void NanThrowError(
      |                          ^~~~~~~~~~~~~
../ext/nan.h:141:71: note: in definition of macro ‘NAN_INLINE’
  141 | # define NAN_INLINE(declarator) inline __attribute__((always_inline)) declarator
      |                                                                       ^~~~~~~~~~
../ext/nan.h:361:26: note:   candidate expects 2 arguments, 1 provided
  361 |   static NAN_INLINE(void NanThrowError(
      |                          ^~~~~~~~~~~~~
../ext/nan.h:141:71: note: in definition of macro ‘NAN_INLINE’
  141 | # define NAN_INLINE(declarator) inline __attribute__((always_inline)) declarator
      |                                                                       ^~~~~~~~~~
../ext/bson.cc:800:49: error: cannot convert ‘v8::Local<v8::Value>’ to ‘v8::Isolate*’
  800 |                 ssize_t len = DecodeBytes(args[0], BINARY);
      |                                           ~~~~~~^
      |                                                 |
      |                                                 v8::Local<v8::Value>
In file included from ../ext/bson.cc:22:
/home/harsh/.cache/node-gyp/18.16.1/include/node/node.h:912:46: note:   initializing argument 1 of ‘ssize_t node::DecodeBytes(v8::Isolate*, v8::Local<v8::Value>, node::encoding)’
  912 | NODE_EXTERN ssize_t DecodeBytes(v8::Isolate* isolate,
      |                                 ~~~~~~~~~~~~~^~~~~~~
../ext/bson.cc:807:29: error: cannot convert ‘char*’ to ‘v8::Isolate*’
  807 |                 DecodeWrite(data, len, args[0], BINARY);
      |                             ^~~~
      |                             |
      |                             char*
In file included from ../ext/bson.cc:22:
/home/harsh/.cache/node-gyp/18.16.1/include/node/node.h:916:46: note:   initializing argument 1 of ‘ssize_t node::DecodeWrite(v8::Isolate*, char*, size_t, v8::Local<v8::Value>, node::encoding)’
  916 | NODE_EXTERN ssize_t DecodeWrite(v8::Isolate* isolate,
      |                                 ~~~~~~~~~~~~~^~~~~~~
../ext/bson.cc:813:25: error: ‘Handle’ was not declared in this scope; did you mean ‘handle’?
  813 |                         Handle<Value> result = deserializer.DeserializeDocument(promoteLongs);
      |                         ^~~~~~
      |                         handle
../ext/bson.cc:813:37: error: expected primary-expression before ‘>’ token
  813 |                         Handle<Value> result = deserializer.DeserializeDocument(promoteLongs);
      |                                     ^
../ext/bson.cc:813:39: error: ‘result’ was not declared in this scope
  813 |                         Handle<Value> result = deserializer.DeserializeDocument(promoteLongs);
      |                                       ^~~~~~
../ext/bson.cc:813:61: error: ‘class BSONDeserializer’ has no member named ‘DeserializeDocument’
  813 |                         Handle<Value> result = deserializer.DeserializeDocument(promoteLongs);
      |                                                             ^~~~~~~~~~~~~~~~~~~
../ext/bson.cc:820:55: error: ‘New’ is not a member of ‘v8::String’
  820 |                         Local<String> error = String::New(exception);
      |                                                       ^~~
../ext/bson.cc:823:45: error: no matching function for call to ‘NanThrowError(v8::Local<v8::String>&)’
  823 |                         return NanThrowError(error);
      |                                ~~~~~~~~~~~~~^~~~~~~
In file included from ../ext/bson.h:17,
                 from ../ext/bson.cc:35:
../ext/nan.h:342:26: note: candidate: ‘void NanThrowError(const char*)’
  342 |   static NAN_INLINE(void NanThrowError(const char* errmsg)) {
      |                          ^~~~~~~~~~~~~
../ext/nan.h:141:71: note: in definition of macro ‘NAN_INLINE’
  141 | # define NAN_INLINE(declarator) inline __attribute__((always_inline)) declarator
      |                                                                       ^~~~~~~~~~
../ext/nan.h:342:52: note:   no known conversion for argument 1 from ‘v8::Local<v8::String>’ to ‘const char*’
  342 |   static NAN_INLINE(void NanThrowError(const char* errmsg)) {
      |                                        ~~~~~~~~~~~~^~~~~~
../ext/nan.h:141:71: note: in definition of macro ‘NAN_INLINE’
  141 | # define NAN_INLINE(declarator) inline __attribute__((always_inline)) declarator
      |                                                                       ^~~~~~~~~~
../ext/nan.h:361:26: note: candidate: ‘void NanThrowError(const char*, int)’
  361 |   static NAN_INLINE(void NanThrowError(
      |                          ^~~~~~~~~~~~~
../ext/nan.h:141:71: note: in definition of macro ‘NAN_INLINE’
  141 | # define NAN_INLINE(declarator) inline __attribute__((always_inline)) declarator
      |                                                                       ^~~~~~~~~~
../ext/nan.h:361:26: note:   candidate expects 2 arguments, 1 provided
  361 |   static NAN_INLINE(void NanThrowError(
      |                          ^~~~~~~~~~~~~
../ext/nan.h:141:71: note: in definition of macro ‘NAN_INLINE’
  141 | # define NAN_INLINE(declarator) inline __attribute__((always_inline)) declarator
      |                                                                       ^~~~~~~~~~
../ext/bson.cc: At global scope:
../ext/bson.cc:828:46: error: ‘Handle’ does not name a type
  828 | Local<Object> BSON::GetSerializeObject(const Handle<Value>& argValue)
      |                                              ^~~~~~
../ext/bson.cc:828:52: error: expected ‘,’ or ‘...’ before ‘<’ token
  828 | Local<Object> BSON::GetSerializeObject(const Handle<Value>& argValue)
      |                                                    ^
../ext/bson.cc: In member function ‘v8::Local<v8::Object> BSON::GetSerializeObject(int)’:
../ext/bson.cc:830:32: error: ‘argValue’ was not declared in this scope
  830 |         Local<Object> object = argValue->ToObject();
      |                                ^~~~~~~~
../ext/bson.cc:831:23: error: no matching function for call to ‘v8::Object::Has(v8::Local<v8::String>)’
  831 |         if(object->Has(NanPersistentToLocal(_toBSONString)))
      |            ~~~~~~~~~~~^~~~~~~~~~~~~~~~~~~~~~~~~~~~~~~~~~~~~
In file included from /home/harsh/.cache/node-gyp/18.16.1/include/node/v8-array-buffer.h:13,
                 from /home/harsh/.cache/node-gyp/18.16.1/include/node/v8.h:24,
                 from ../ext/bson.cc:14:
/home/harsh/.cache/node-gyp/18.16.1/include/node/v8-object.h:325:37: note: candidate: ‘v8::Maybe<bool> v8::Object::Has(v8::Local<v8::Context>, v8::Local<v8::Value>)’
  325 |   V8_WARN_UNUSED_RESULT Maybe<bool> Has(Local<Context> context,
      |                                     ^~~
/home/harsh/.cache/node-gyp/18.16.1/include/node/v8-object.h:325:37: note:   candidate expects 2 arguments, 1 provided
/home/harsh/.cache/node-gyp/18.16.1/include/node/v8-object.h:331:37: note: candidate: ‘v8::Maybe<bool> v8::Object::Has(v8::Local<v8::Context>, uint32_t)’
  331 |   V8_WARN_UNUSED_RESULT Maybe<bool> Has(Local<Context> context, uint32_t index);
      |                                     ^~~
/home/harsh/.cache/node-gyp/18.16.1/include/node/v8-object.h:331:37: note:   candidate expects 2 arguments, 1 provided
../ext/bson.cc:833:57: error: no matching function for call to ‘v8::Object::Get(v8::Local<v8::String>)’
  833 |                 const Local<Value>& toBSON = object->Get(NanPersistentToLocal(_toBSONString));
      |                                              ~~~~~~~~~~~^~~~~~~~~~~~~~~~~~~~~~~~~~~~~~~~~~~~~
In file included from /home/harsh/.cache/node-gyp/18.16.1/include/node/v8-array-buffer.h:13,
                 from /home/harsh/.cache/node-gyp/18.16.1/include/node/v8.h:24,
                 from ../ext/bson.cc:14:
/home/harsh/.cache/node-gyp/18.16.1/include/node/v8-object.h:290:43: note: candidate: ‘v8::MaybeLocal<v8::Value> v8::Object::Get(v8::Local<v8::Context>, v8::Local<v8::Value>)’
  290 |   V8_WARN_UNUSED_RESULT MaybeLocal<Value> Get(Local<Context> context,
      |                                           ^~~
/home/harsh/.cache/node-gyp/18.16.1/include/node/v8-object.h:290:43: note:   candidate expects 2 arguments, 1 provided
/home/harsh/.cache/node-gyp/18.16.1/include/node/v8-object.h:293:43: note: candidate: ‘v8::MaybeLocal<v8::Value> v8::Object::Get(v8::Local<v8::Context>, uint32_t)’
  293 |   V8_WARN_UNUSED_RESULT MaybeLocal<Value> Get(Local<Context> context,
      |                                           ^~~
/home/harsh/.cache/node-gyp/18.16.1/include/node/v8-object.h:293:43: note:   candidate expects 2 arguments, 1 provided
../ext/bson.cc:836:74: error: no matching function for call to ‘v8::Function::Call(v8::Local<v8::Object>&, int, NULL)’
  836 |                 Local<Value> result = Local<Function>::Cast(toBSON)->Call(object, 0, NULL);
      |                                       ~~~~~~~~~~~~~~~~~~~~~~~~~~~~~~~~~~~^~~~~~~~~~~~~~~~~
In file included from /home/harsh/.cache/node-gyp/18.16.1/include/node/v8.h:33,
                 from ../ext/bson.cc:14:
/home/harsh/.cache/node-gyp/18.16.1/include/node/v8-function.h:55:43: note: candidate: ‘v8::MaybeLocal<v8::Value> v8::Function::Call(v8::Local<v8::Context>, v8::Local<v8::Value>, int, v8::Local<v8::Value>*)’
   55 |   V8_WARN_UNUSED_RESULT MaybeLocal<Value> Call(Local<Context> context,
      |                                           ^~~~
/home/harsh/.cache/node-gyp/18.16.1/include/node/v8-function.h:55:43: note:   candidate expects 4 arguments, 3 provided
../ext/bson.cc:838:40: error: no matching function for call to ‘v8::Value::ToObject()’
  838 |                 return result->ToObject();
      |                        ~~~~~~~~~~~~~~~~^~
In file included from /home/harsh/.cache/node-gyp/18.16.1/include/node/v8-primitive.h:11,
                 from /home/harsh/.cache/node-gyp/18.16.1/include/node/v8-object.h:11,
                 from /home/harsh/.cache/node-gyp/18.16.1/include/node/v8-array-buffer.h:13,
                 from /home/harsh/.cache/node-gyp/18.16.1/include/node/v8.h:24,
                 from ../ext/bson.cc:14:
/home/harsh/.cache/node-gyp/18.16.1/include/node/v8-value.h:372:44: note: candidate: ‘v8::MaybeLocal<v8::Object> v8::Value::ToObject(v8::Local<v8::Context>) const’
  372 |   V8_WARN_UNUSED_RESULT MaybeLocal<Object> ToObject(
      |                                            ^~~~~~~~
/home/harsh/.cache/node-gyp/18.16.1/include/node/v8-value.h:372:44: note:   candidate expects 1 argument, 0 provided
../ext/bson.cc: In static member function ‘static void BSON::BSONSerialize(const v8::FunctionCallbackInfo<v8::Value>&)’:
../ext/bson.cc:864:80: error: no matching function for call to ‘v8::Value::BooleanValue()’
  864 |         bool serializeFunctions = (args.Length() >= 4) && args[3]->BooleanValue();
      |                                                           ~~~~~~~~~~~~~~~~~~~~~^~
In file included from /home/harsh/.cache/node-gyp/18.16.1/include/node/v8-primitive.h:11,
                 from /home/harsh/.cache/node-gyp/18.16.1/include/node/v8-object.h:11,
                 from /home/harsh/.cache/node-gyp/18.16.1/include/node/v8-array-buffer.h:13,
                 from /home/harsh/.cache/node-gyp/18.16.1/include/node/v8.h:24,
                 from ../ext/bson.cc:14:
/home/harsh/.cache/node-gyp/18.16.1/include/node/v8-value.h:408:8: note: candidate: ‘bool v8::Value::BooleanValue(v8::Isolate*) const’
  408 |   bool BooleanValue(Isolate* isolate) const;
      |        ^~~~~~~~~~~~
/home/harsh/.cache/node-gyp/18.16.1/include/node/v8-value.h:408:8: note:   candidate expects 1 argument, 0 provided
../ext/bson.cc:870:71: error: cannot convert ‘v8::Local<v8::Value>’ to ‘int’
  870 |                 Local<Object> object = bson->GetSerializeObject(args[0]);
      |                                                                 ~~~~~~^
      |                                                                       |
      |                                                                       v8::Local<v8::Value>
../ext/bson.cc:828:40: note:   initializing argument 1 of ‘v8::Local<v8::Object> BSON::GetSerializeObject(int)’
  828 | Local<Object> BSON::GetSerializeObject(const Handle<Value>& argValue)
      |                                        ^~~~~~~~~~~~
../ext/bson.cc:873:43: error: cannot convert ‘v8::Local<v8::Object>’ to ‘int’
  873 |                 counter.SerializeDocument(object);
      |                                           ^~~~~~
      |                                           |
      |                                           v8::Local<v8::Object>
../ext/bson.cc:91:64: note:   initializing argument 1 of ‘void BSONSerializer<T>::SerializeDocument(int) [with T = CountStream]’
   91 | template<typename T> void BSONSerializer<T>::SerializeDocument(const Handle<Value>& value)
      |                                                                ^~~~~~~~~~~~
../ext/bson.cc:880:101: error: no matching function for call to ‘v8::Value::BooleanValue()’
  880 |                 bool checkKeys = args.Length() >= 3 && args[1]->IsBoolean() && args[1]->BooleanValue();
      |                                                                                ~~~~~~~~~~~~~~~~~~~~~^~
In file included from /home/harsh/.cache/node-gyp/18.16.1/include/node/v8-primitive.h:11,
                 from /home/harsh/.cache/node-gyp/18.16.1/include/node/v8-object.h:11,
                 from /home/harsh/.cache/node-gyp/18.16.1/include/node/v8-array-buffer.h:13,
                 from /home/harsh/.cache/node-gyp/18.16.1/include/node/v8.h:24,
                 from ../ext/bson.cc:14:
/home/harsh/.cache/node-gyp/18.16.1/include/node/v8-value.h:408:8: note: candidate: ‘bool v8::Value::BooleanValue(v8::Isolate*) const’
  408 |   bool BooleanValue(Isolate* isolate) const;
      |        ^~~~~~~~~~~~
/home/harsh/.cache/node-gyp/18.16.1/include/node/v8-value.h:408:8: note:   candidate expects 1 argument, 0 provided
../ext/bson.cc:882:40: error: cannot convert ‘v8::Local<v8::Object>’ to ‘int’
  882 |                 data.SerializeDocument(object);
      |                                        ^~~~~~
      |                                        |
      |                                        v8::Local<v8::Object>
../ext/bson.cc:91:64: note:   initializing argument 1 of ‘void BSONSerializer<T>::SerializeDocument(int) [with T = DataStream]’
   91 | template<typename T> void BSONSerializer<T>::SerializeDocument(const Handle<Value>& value)
      |                                                                ^~~~~~~~~~~~
../ext/bson.cc:887:47: error: ‘New’ is not a member of ‘v8::String’
  887 |                 Local<String> error = String::New(err_msg);
      |                                               ^~~
../ext/bson.cc:889:37: error: no matching function for call to ‘NanThrowError(v8::Local<v8::String>&)’
  889 |                 return NanThrowError(error);
      |                        ~~~~~~~~~~~~~^~~~~~~
In file included from ../ext/bson.h:17,
                 from ../ext/bson.cc:35:
../ext/nan.h:342:26: note: candidate: ‘void NanThrowError(const char*)’
  342 |   static NAN_INLINE(void NanThrowError(const char* errmsg)) {
      |                          ^~~~~~~~~~~~~
../ext/nan.h:141:71: note: in definition of macro ‘NAN_INLINE’
  141 | # define NAN_INLINE(declarator) inline __attribute__((always_inline)) declarator
      |                                                                       ^~~~~~~~~~
../ext/nan.h:342:52: note:   no known conversion for argument 1 from ‘v8::Local<v8::String>’ to ‘const char*’
  342 |   static NAN_INLINE(void NanThrowError(const char* errmsg)) {
      |                                        ~~~~~~~~~~~~^~~~~~
../ext/nan.h:141:71: note: in definition of macro ‘NAN_INLINE’
  141 | # define NAN_INLINE(declarator) inline __attribute__((always_inline)) declarator
      |                                                                       ^~~~~~~~~~
../ext/nan.h:361:26: note: candidate: ‘void NanThrowError(const char*, int)’
  361 |   static NAN_INLINE(void NanThrowError(
      |                          ^~~~~~~~~~~~~
../ext/nan.h:141:71: note: in definition of macro ‘NAN_INLINE’
  141 | # define NAN_INLINE(declarator) inline __attribute__((always_inline)) declarator
      |                                                                       ^~~~~~~~~~
../ext/nan.h:361:26: note:   candidate expects 2 arguments, 1 provided
  361 |   static NAN_INLINE(void NanThrowError(
      |                          ^~~~~~~~~~~~~
../ext/nan.h:141:71: note: in definition of macro ‘NAN_INLINE’
  141 | # define NAN_INLINE(declarator) inline __attribute__((always_inline)) declarator
      |                                                                       ^~~~~~~~~~
../ext/bson.cc:901:48: error: no matching function for call to ‘Encode(char*&, size_t&, node::encoding)’
  901 |                 Local<Value> bin_value = Encode(serialized_object, object_size, BINARY)->ToString();
      |                                          ~~~~~~^~~~~~~~~~~~~~~~~~~~~~~~~~~~~~~~~~~~~~~~
In file included from ../ext/bson.cc:22:
/home/harsh/.cache/node-gyp/18.16.1/include/node/node.h:900:34: note: candidate: ‘v8::Local<v8::Value> node::Encode(v8::Isolate*, const char*, size_t, node::encoding)’
  900 | NODE_EXTERN v8::Local<v8::Value> Encode(v8::Isolate* isolate,
      |                                  ^~~~~~
/home/harsh/.cache/node-gyp/18.16.1/include/node/node.h:900:54: note:   no known conversion for argument 1 from ‘char*’ to ‘v8::Isolate*’
  900 | NODE_EXTERN v8::Local<v8::Value> Encode(v8::Isolate* isolate,
      |                                         ~~~~~~~~~~~~~^~~~~~~
/home/harsh/.cache/node-gyp/18.16.1/include/node/node.h:907:34: note: candidate: ‘v8::Local<v8::Value> node::Encode(v8::Isolate*, const uint16_t*, size_t)’
  907 | NODE_EXTERN v8::Local<v8::Value> Encode(v8::Isolate* isolate,
      |                                  ^~~~~~
/home/harsh/.cache/node-gyp/18.16.1/include/node/node.h:907:54: note:   no known conversion for argument 1 from ‘char*’ to ‘v8::Isolate*’
  907 | NODE_EXTERN v8::Local<v8::Value> Encode(v8::Isolate* isolate,
      |                                         ~~~~~~~~~~~~~^~~~~~~
../ext/bson.cc: In static member function ‘static void BSON::CalculateObjectSize(const v8::FunctionCallbackInfo<v8::Value>&)’:
../ext/bson.cc:917:80: error: no matching function for call to ‘v8::Value::BooleanValue()’
  917 |         bool serializeFunctions = (args.Length() >= 2) && args[1]->BooleanValue();
      |                                                           ~~~~~~~~~~~~~~~~~~~~~^~
In file included from /home/harsh/.cache/node-gyp/18.16.1/include/node/v8-primitive.h:11,
                 from /home/harsh/.cache/node-gyp/18.16.1/include/node/v8-object.h:11,
                 from /home/harsh/.cache/node-gyp/18.16.1/include/node/v8-array-buffer.h:13,
                 from /home/harsh/.cache/node-gyp/18.16.1/include/node/v8.h:24,
                 from ../ext/bson.cc:14:
/home/harsh/.cache/node-gyp/18.16.1/include/node/v8-value.h:408:8: note: candidate: ‘bool v8::Value::BooleanValue(v8::Isolate*) const’
  408 |   bool BooleanValue(Isolate* isolate) const;
      |        ^~~~~~~~~~~~
/home/harsh/.cache/node-gyp/18.16.1/include/node/v8-value.h:408:8: note:   candidate expects 1 argument, 0 provided
../ext/bson.cc:919:49: error: cannot convert ‘v8::Local<v8::Value>’ to ‘int’
  919 |         countSerializer.SerializeDocument(args[0]);
      |                                           ~~~~~~^
      |                                                 |
      |                                                 v8::Local<v8::Value>
../ext/bson.cc:91:64: note:   initializing argument 1 of ‘void BSONSerializer<T>::SerializeDocument(int) [with T = CountStream]’
   91 | template<typename T> void BSONSerializer<T>::SerializeDocument(const Handle<Value>& value)
      |                                                                ^~~~~~~~~~~~
In file included from ../ext/bson.h:17,
                 from ../ext/bson.cc:35:
../ext/bson.cc:922:35: error: no matching function for call to ‘v8::Uint32::New(uint32_t)’
  922 |         NanReturnValue(Uint32::New((uint32_t) countSerializer.GetSerializeSize()));
      |                        ~~~~~~~~~~~^~~~~~~~~~~~~~~~~~~~~~~~~~~~~~~~~~~~~~~~~~~~~~~
../ext/nan.h:301:65: note: in definition of macro ‘NanReturnValue’
  301 | # define NanReturnValue(value) return args.GetReturnValue().Set(value)
      |                                                                 ^~~~~
In file included from /home/harsh/.cache/node-gyp/18.16.1/include/node/v8-object.h:11,
                 from /home/harsh/.cache/node-gyp/18.16.1/include/node/v8-array-buffer.h:13,
                 from /home/harsh/.cache/node-gyp/18.16.1/include/node/v8.h:24,
                 from ../ext/bson.cc:14:
/home/harsh/.cache/node-gyp/18.16.1/include/node/v8-primitive.h:662:25: note: candidate: ‘static v8::Local<v8::Integer> v8::Integer::New(v8::Isolate*, int32_t)’
  662 |   static Local<Integer> New(Isolate* isolate, int32_t value);
      |                         ^~~
/home/harsh/.cache/node-gyp/18.16.1/include/node/v8-primitive.h:662:25: note:   candidate expects 2 arguments, 1 provided
../ext/bson.cc: In static member function ‘static void BSON::SerializeWithBufferAndIndex(const v8::FunctionCallbackInfo<v8::Value>&)’:
../ext/bson.cc:942:54: error: no matching function for call to ‘v8::Value::ToObject()’
  942 |                 Local<Object> obj = args[2]->ToObject();
      |                                     ~~~~~~~~~~~~~~~~~^~
In file included from /home/harsh/.cache/node-gyp/18.16.1/include/node/v8-primitive.h:11,
                 from /home/harsh/.cache/node-gyp/18.16.1/include/node/v8-object.h:11,
                 from /home/harsh/.cache/node-gyp/18.16.1/include/node/v8-array-buffer.h:13,
                 from /home/harsh/.cache/node-gyp/18.16.1/include/node/v8.h:24,
                 from ../ext/bson.cc:14:
/home/harsh/.cache/node-gyp/18.16.1/include/node/v8-value.h:372:44: note: candidate: ‘v8::MaybeLocal<v8::Object> v8::Value::ToObject(v8::Local<v8::Context>) const’
  372 |   V8_WARN_UNUSED_RESULT MaybeLocal<Object> ToObject(
      |                                            ^~~~~~~~
/home/harsh/.cache/node-gyp/18.16.1/include/node/v8-value.h:372:44: note:   candidate expects 1 argument, 0 provided
../ext/bson.cc:946:45: error: no matching function for call to ‘v8::Value::Uint32Value()’
  946 |                 index = args[3]->Uint32Value();
      |                         ~~~~~~~~~~~~~~~~~~~~^~
In file included from /home/harsh/.cache/node-gyp/18.16.1/include/node/v8-primitive.h:11,
                 from /home/harsh/.cache/node-gyp/18.16.1/include/node/v8-object.h:11,
                 from /home/harsh/.cache/node-gyp/18.16.1/include/node/v8-array-buffer.h:13,
                 from /home/harsh/.cache/node-gyp/18.16.1/include/node/v8.h:24,
                 from ../ext/bson.cc:14:
/home/harsh/.cache/node-gyp/18.16.1/include/node/v8-value.h:416:41: note: candidate: ‘v8::Maybe<unsigned int> v8::Value::Uint32Value(v8::Local<v8::Context>) const’
  416 |   V8_WARN_UNUSED_RESULT Maybe<uint32_t> Uint32Value(
      |                                         ^~~~~~~~~~~
/home/harsh/.cache/node-gyp/18.16.1/include/node/v8-value.h:416:41: note:   candidate expects 1 argument, 0 provided
../ext/bson.cc:947:101: error: no matching function for call to ‘v8::Value::BooleanValue()’
  947 |                 bool checkKeys = args.Length() >= 4 && args[1]->IsBoolean() && args[1]->BooleanValue();
      |                                                                                ~~~~~~~~~~~~~~~~~~~~~^~
In file included from /home/harsh/.cache/node-gyp/18.16.1/include/node/v8-primitive.h:11,
                 from /home/harsh/.cache/node-gyp/18.16.1/include/node/v8-object.h:11,
                 from /home/harsh/.cache/node-gyp/18.16.1/include/node/v8-array-buffer.h:13,
                 from /home/harsh/.cache/node-gyp/18.16.1/include/node/v8.h:24,
                 from ../ext/bson.cc:14:
/home/harsh/.cache/node-gyp/18.16.1/include/node/v8-value.h:408:8: note: candidate: ‘bool v8::Value::BooleanValue(v8::Isolate*) const’
  408 |   bool BooleanValue(Isolate* isolate) const;
      |        ^~~~~~~~~~~~
/home/harsh/.cache/node-gyp/18.16.1/include/node/v8-value.h:408:8: note:   candidate expects 1 argument, 0 provided
../ext/bson.cc:948:88: error: no matching function for call to ‘v8::Value::BooleanValue()’
  948 |                 bool serializeFunctions = (args.Length() == 5) && args[4]->BooleanValue();
      |                                                                   ~~~~~~~~~~~~~~~~~~~~~^~
In file included from /home/harsh/.cache/node-gyp/18.16.1/include/node/v8-primitive.h:11,
                 from /home/harsh/.cache/node-gyp/18.16.1/include/node/v8-object.h:11,
                 from /home/harsh/.cache/node-gyp/18.16.1/include/node/v8-array-buffer.h:13,
                 from /home/harsh/.cache/node-gyp/18.16.1/include/node/v8.h:24,
                 from ../ext/bson.cc:14:
/home/harsh/.cache/node-gyp/18.16.1/include/node/v8-value.h:408:8: note: candidate: ‘bool v8::Value::BooleanValue(v8::Isolate*) const’
  408 |   bool BooleanValue(Isolate* isolate) const;
      |        ^~~~~~~~~~~~
/home/harsh/.cache/node-gyp/18.16.1/include/node/v8-value.h:408:8: note:   candidate expects 1 argument, 0 provided
../ext/bson.cc:951:81: error: cannot convert ‘v8::Local<v8::Value>’ to ‘int’
  951 |                 dataSerializer.SerializeDocument(bson->GetSerializeObject(args[0]));
      |                                                                           ~~~~~~^
      |                                                                                 |
      |                                                                                 v8::Local<v8::Value>
../ext/bson.cc:828:40: note:   initializing argument 1 of ‘v8::Local<v8::Object> BSON::GetSerializeObject(int)’
  828 | Local<Object> BSON::GetSerializeObject(const Handle<Value>& argValue)
      |                                        ^~~~~~~~~~~~
../ext/bson.cc:958:47: error: ‘New’ is not a member of ‘v8::String’
  958 |                 Local<String> error = String::New(exception);
      |                                               ^~~
../ext/bson.cc:960:37: error: no matching function for call to ‘NanThrowError(v8::Local<v8::String>&)’
  960 |                 return NanThrowError(error);
      |                        ~~~~~~~~~~~~~^~~~~~~
In file included from ../ext/bson.h:17,
                 from ../ext/bson.cc:35:
../ext/nan.h:342:26: note: candidate: ‘void NanThrowError(const char*)’
  342 |   static NAN_INLINE(void NanThrowError(const char* errmsg)) {
      |                          ^~~~~~~~~~~~~
../ext/nan.h:141:71: note: in definition of macro ‘NAN_INLINE’
  141 | # define NAN_INLINE(declarator) inline __attribute__((always_inline)) declarator
      |                                                                       ^~~~~~~~~~
../ext/nan.h:342:52: note:   no known conversion for argument 1 from ‘v8::Local<v8::String>’ to ‘const char*’
  342 |   static NAN_INLINE(void NanThrowError(const char* errmsg)) {
      |                                        ~~~~~~~~~~~~^~~~~~
../ext/nan.h:141:71: note: in definition of macro ‘NAN_INLINE’
  141 | # define NAN_INLINE(declarator) inline __attribute__((always_inline)) declarator
      |                                                                       ^~~~~~~~~~
../ext/nan.h:361:26: note: candidate: ‘void NanThrowError(const char*, int)’
  361 |   static NAN_INLINE(void NanThrowError(
      |                          ^~~~~~~~~~~~~
../ext/nan.h:141:71: note: in definition of macro ‘NAN_INLINE’
  141 | # define NAN_INLINE(declarator) inline __attribute__((always_inline)) declarator
      |                                                                       ^~~~~~~~~~
../ext/nan.h:361:26: note:   candidate expects 2 arguments, 1 provided
  361 |   static NAN_INLINE(void NanThrowError(
      |                          ^~~~~~~~~~~~~
../ext/nan.h:141:71: note: in definition of macro ‘NAN_INLINE’
  141 | # define NAN_INLINE(declarator) inline __attribute__((always_inline)) declarator
      |                                                                       ^~~~~~~~~~
../ext/bson.cc:963:35: error: no matching function for call to ‘v8::Uint32::New(uint32_t)’
  963 |         NanReturnValue(Uint32::New((uint32_t) (index + object_size - 1)));
      |                        ~~~~~~~~~~~^~~~~~~~~~~~~~~~~~~~~~~~~~~~~~~~~~~~~~
../ext/nan.h:301:65: note: in definition of macro ‘NanReturnValue’
  301 | # define NanReturnValue(value) return args.GetReturnValue().Set(value)
      |                                                                 ^~~~~
In file included from /home/harsh/.cache/node-gyp/18.16.1/include/node/v8-object.h:11,
                 from /home/harsh/.cache/node-gyp/18.16.1/include/node/v8-array-buffer.h:13,
                 from /home/harsh/.cache/node-gyp/18.16.1/include/node/v8.h:24,
                 from ../ext/bson.cc:14:
/home/harsh/.cache/node-gyp/18.16.1/include/node/v8-primitive.h:662:25: note: candidate: ‘static v8::Local<v8::Integer> v8::Integer::New(v8::Isolate*, int32_t)’
  662 |   static Local<Integer> New(Isolate* isolate, int32_t value);
      |                         ^~~
/home/harsh/.cache/node-gyp/18.16.1/include/node/v8-primitive.h:662:25: note:   candidate expects 2 arguments, 1 provided
../ext/bson.cc: In static member function ‘static void BSON::BSONDeserializeStream(const v8::FunctionCallbackInfo<v8::Value>&)’:
../ext/bson.cc:987:46: error: no matching function for call to ‘v8::Value::ToObject()’
  987 |         Local<Object> obj = args[0]->ToObject();
      |                             ~~~~~~~~~~~~~~~~~^~
In file included from /home/harsh/.cache/node-gyp/18.16.1/include/node/v8-primitive.h:11,
                 from /home/harsh/.cache/node-gyp/18.16.1/include/node/v8-object.h:11,
                 from /home/harsh/.cache/node-gyp/18.16.1/include/node/v8-array-buffer.h:13,
                 from /home/harsh/.cache/node-gyp/18.16.1/include/node/v8.h:24,
                 from ../ext/bson.cc:14:
/home/harsh/.cache/node-gyp/18.16.1/include/node/v8-value.h:372:44: note: candidate: ‘v8::MaybeLocal<v8::Object> v8::Value::ToObject(v8::Local<v8::Context>) const’
  372 |   V8_WARN_UNUSED_RESULT MaybeLocal<Object> ToObject(
      |                                            ^~~~~~~~
/home/harsh/.cache/node-gyp/18.16.1/include/node/v8-value.h:372:44: note:   candidate expects 1 argument, 0 provided
../ext/bson.cc:988:58: error: no matching function for call to ‘v8::Value::Uint32Value()’
  988 |         uint32_t numberOfDocuments = args[2]->Uint32Value();
      |                                      ~~~~~~~~~~~~~~~~~~~~^~
In file included from /home/harsh/.cache/node-gyp/18.16.1/include/node/v8-primitive.h:11,
                 from /home/harsh/.cache/node-gyp/18.16.1/include/node/v8-object.h:11,
                 from /home/harsh/.cache/node-gyp/18.16.1/include/node/v8-array-buffer.h:13,
                 from /home/harsh/.cache/node-gyp/18.16.1/include/node/v8.h:24,
                 from ../ext/bson.cc:14:
/home/harsh/.cache/node-gyp/18.16.1/include/node/v8-value.h:416:41: note: candidate: ‘v8::Maybe<unsigned int> v8::Value::Uint32Value(v8::Local<v8::Context>) const’
  416 |   V8_WARN_UNUSED_RESULT Maybe<uint32_t> Uint32Value(
      |                                         ^~~~~~~~~~~
/home/harsh/.cache/node-gyp/18.16.1/include/node/v8-value.h:416:41: note:   candidate expects 1 argument, 0 provided
../ext/bson.cc:989:46: error: no matching function for call to ‘v8::Value::Uint32Value()’
  989 |         uint32_t index = args[1]->Uint32Value();
      |                          ~~~~~~~~~~~~~~~~~~~~^~
In file included from /home/harsh/.cache/node-gyp/18.16.1/include/node/v8-primitive.h:11,
                 from /home/harsh/.cache/node-gyp/18.16.1/include/node/v8-object.h:11,
                 from /home/harsh/.cache/node-gyp/18.16.1/include/node/v8-array-buffer.h:13,
                 from /home/harsh/.cache/node-gyp/18.16.1/include/node/v8.h:24,
                 from ../ext/bson.cc:14:
/home/harsh/.cache/node-gyp/18.16.1/include/node/v8-value.h:416:41: note: candidate: ‘v8::Maybe<unsigned int> v8::Value::Uint32Value(v8::Local<v8::Context>) const’
  416 |   V8_WARN_UNUSED_RESULT Maybe<uint32_t> Uint32Value(
      |                                         ^~~~~~~~~~~
/home/harsh/.cache/node-gyp/18.16.1/include/node/v8-value.h:416:41: note:   candidate expects 1 argument, 0 provided
../ext/bson.cc:990:52: error: no matching function for call to ‘v8::Value::Uint32Value()’
  990 |         uint32_t resultIndex = args[4]->Uint32Value();
      |                                ~~~~~~~~~~~~~~~~~~~~^~
In file included from /home/harsh/.cache/node-gyp/18.16.1/include/node/v8-primitive.h:11,
                 from /home/harsh/.cache/node-gyp/18.16.1/include/node/v8-object.h:11,
                 from /home/harsh/.cache/node-gyp/18.16.1/include/node/v8-array-buffer.h:13,
                 from /home/harsh/.cache/node-gyp/18.16.1/include/node/v8.h:24,
                 from ../ext/bson.cc:14:
/home/harsh/.cache/node-gyp/18.16.1/include/node/v8-value.h:416:41: note: candidate: ‘v8::Maybe<unsigned int> v8::Value::Uint32Value(v8::Local<v8::Context>) const’
  416 |   V8_WARN_UNUSED_RESULT Maybe<uint32_t> Uint32Value(
      |                                         ^~~~~~~~~~~
/home/harsh/.cache/node-gyp/18.16.1/include/node/v8-value.h:416:41: note:   candidate expects 1 argument, 0 provided
../ext/bson.cc:995:58: error: no matching function for call to ‘v8::Value::ToObject()’
  995 |                 Local<Object> options = args[5]->ToObject();
      |                                         ~~~~~~~~~~~~~~~~~^~
In file included from /home/harsh/.cache/node-gyp/18.16.1/include/node/v8-primitive.h:11,
                 from /home/harsh/.cache/node-gyp/18.16.1/include/node/v8-object.h:11,
                 from /home/harsh/.cache/node-gyp/18.16.1/include/node/v8-array-buffer.h:13,
                 from /home/harsh/.cache/node-gyp/18.16.1/include/node/v8.h:24,
                 from ../ext/bson.cc:14:
/home/harsh/.cache/node-gyp/18.16.1/include/node/v8-value.h:372:44: note: candidate: ‘v8::MaybeLocal<v8::Object> v8::Value::ToObject(v8::Local<v8::Context>) const’
  372 |   V8_WARN_UNUSED_RESULT MaybeLocal<Object> ToObject(
      |                                            ^~~~~~~~
/home/harsh/.cache/node-gyp/18.16.1/include/node/v8-value.h:372:44: note:   candidate expects 1 argument, 0 provided
../ext/bson.cc:998:41: error: ‘New’ is not a member of ‘v8::String’
  998 |                 if(options->Has(String::New("promoteLongs"))) {
      |                                         ^~~
../ext/bson.cc:999:61: error: ‘New’ is not a member of ‘v8::String’
  999 |                         promoteLongs = options->Get(String::New("promoteLongs"))->ToBoolean()->Value();
      |                                                             ^~~
../ext/bson.cc:1017:52: error: no matching function for call to ‘v8::Value::ToObject()’
 1017 |         Local<Object> documents = args[3]->ToObject();
      |                                   ~~~~~~~~~~~~~~~~~^~
In file included from /home/harsh/.cache/node-gyp/18.16.1/include/node/v8-primitive.h:11,
                 from /home/harsh/.cache/node-gyp/18.16.1/include/node/v8-object.h:11,
                 from /home/harsh/.cache/node-gyp/18.16.1/include/node/v8-array-buffer.h:13,
                 from /home/harsh/.cache/node-gyp/18.16.1/include/node/v8.h:24,
                 from ../ext/bson.cc:14:
/home/harsh/.cache/node-gyp/18.16.1/include/node/v8-value.h:372:44: note: candidate: ‘v8::MaybeLocal<v8::Object> v8::Value::ToObject(v8::Local<v8::Context>) const’
  372 |   V8_WARN_UNUSED_RESULT MaybeLocal<Object> ToObject(
      |                                            ^~~~~~~~
/home/harsh/.cache/node-gyp/18.16.1/include/node/v8-value.h:372:44: note:   candidate expects 1 argument, 0 provided
../ext/bson.cc:1024:70: error: ‘class BSONDeserializer’ has no member named ‘DeserializeDocument’
 1024 |                         documents->Set(i + resultIndex, deserializer.DeserializeDocument(promoteLongs));
      |                                                                      ^~~~~~~~~~~~~~~~~~~
../ext/bson.cc:1028:55: error: ‘New’ is not a member of ‘v8::String’
 1028 |                         Local<String> error = String::New(exception);
      |                                                       ^~~
../ext/bson.cc:1030:45: error: no matching function for call to ‘NanThrowError(v8::Local<v8::String>&)’
 1030 |                         return NanThrowError(error);
      |                                ~~~~~~~~~~~~~^~~~~~~
In file included from ../ext/bson.h:17,
                 from ../ext/bson.cc:35:
../ext/nan.h:342:26: note: candidate: ‘void NanThrowError(const char*)’
  342 |   static NAN_INLINE(void NanThrowError(const char* errmsg)) {
      |                          ^~~~~~~~~~~~~
../ext/nan.h:141:71: note: in definition of macro ‘NAN_INLINE’
  141 | # define NAN_INLINE(declarator) inline __attribute__((always_inline)) declarator
      |                                                                       ^~~~~~~~~~
../ext/nan.h:342:52: note:   no known conversion for argument 1 from ‘v8::Local<v8::String>’ to ‘const char*’
  342 |   static NAN_INLINE(void NanThrowError(const char* errmsg)) {
      |                                        ~~~~~~~~~~~~^~~~~~
../ext/nan.h:141:71: note: in definition of macro ‘NAN_INLINE’
  141 | # define NAN_INLINE(declarator) inline __attribute__((always_inline)) declarator
      |                                                                       ^~~~~~~~~~
../ext/nan.h:361:26: note: candidate: ‘void NanThrowError(const char*, int)’
  361 |   static NAN_INLINE(void NanThrowError(
      |                          ^~~~~~~~~~~~~
../ext/nan.h:141:71: note: in definition of macro ‘NAN_INLINE’
  141 | # define NAN_INLINE(declarator) inline __attribute__((always_inline)) declarator
      |                                                                       ^~~~~~~~~~
../ext/nan.h:361:26: note:   candidate expects 2 arguments, 1 provided
  361 |   static NAN_INLINE(void NanThrowError(
      |                          ^~~~~~~~~~~~~
../ext/nan.h:141:71: note: in definition of macro ‘NAN_INLINE’
  141 | # define NAN_INLINE(declarator) inline __attribute__((always_inline)) declarator
      |                                                                       ^~~~~~~~~~
../ext/bson.cc:1035:35: error: no matching function for call to ‘v8::Uint32::New(uint32_t)’
 1035 |         NanReturnValue(Uint32::New((uint32_t) (index + deserializer.GetSerializeSize())));
      |                        ~~~~~~~~~~~^~~~~~~~~~~~~~~~~~~~~~~~~~~~~~~~~~~~~~~~~~~~~~~~~~~~~~
../ext/nan.h:301:65: note: in definition of macro ‘NanReturnValue’
  301 | # define NanReturnValue(value) return args.GetReturnValue().Set(value)
      |                                                                 ^~~~~
In file included from /home/harsh/.cache/node-gyp/18.16.1/include/node/v8-object.h:11,
                 from /home/harsh/.cache/node-gyp/18.16.1/include/node/v8-array-buffer.h:13,
                 from /home/harsh/.cache/node-gyp/18.16.1/include/node/v8.h:24,
                 from ../ext/bson.cc:14:
/home/harsh/.cache/node-gyp/18.16.1/include/node/v8-primitive.h:662:25: note: candidate: ‘static v8::Local<v8::Integer> v8::Integer::New(v8::Isolate*, int32_t)’
  662 |   static Local<Integer> New(Isolate* isolate, int32_t value);
      |                         ^~~
/home/harsh/.cache/node-gyp/18.16.1/include/node/v8-primitive.h:662:25: note:   candidate expects 2 arguments, 1 provided
../ext/bson.cc: At global scope:
../ext/bson.cc:1039:17: error: variable or field ‘init’ declared void
 1039 | extern "C" void init(Handle<Object> target)
      |                 ^~~~
../ext/bson.cc:1039:22: error: ‘Handle’ was not declared in this scope
 1039 | extern "C" void init(Handle<Object> target)
      |                      ^~~~~~
../ext/bson.cc:1039:35: error: expected primary-expression before ‘>’ token
 1039 | extern "C" void init(Handle<Object> target)
      |                                   ^
../ext/bson.cc:1039:37: error: ‘target’ was not declared in this scope
 1039 | extern "C" void init(Handle<Object> target)
      |                                     ^~~~~~
In file included from ../ext/bson.cc:22:
/home/harsh/.cache/node-gyp/18.16.1/include/node/node.h:997:7: warning: cast between incompatible function types from ‘void (*)(int)’ to ‘node::addon_register_func’ {aka ‘void (*)(v8::Local<v8::Object>, v8::Local<v8::Value>, void*)’} [-Wcast-function-type]
  997 |       (node::addon_register_func) (regfunc),                          \
      |       ^~~~~~~~~~~~~~~~~~~~~~~~~~~~~~~~~~~~~
/home/harsh/.cache/node-gyp/18.16.1/include/node/node.h:1031:3: note: in expansion of macro ‘NODE_MODULE_X’
 1031 |   NODE_MODULE_X(modname, regfunc, NULL, 0)  // NOLINT (readability/null_usage)
      |   ^~~~~~~~~~~~~
../ext/bson.cc:1045:1: note: in expansion of macro ‘NODE_MODULE’
 1045 | NODE_MODULE(bson, BSON::Initialize);
      | ^~~~~~~~~~~
In file included from ../ext/bson.h:17,
                 from ../ext/bson.cc:35:
../ext/nan.h: In instantiation of ‘void NanDisposePersistent(v8::Persistent<T, v8::NonCopyablePersistentTraits<T> >&) [with T = v8::Object]’:
../ext/nan.h:786:27:   required from here
../ext/nan.h:394:12: error: ‘class v8::Persistent<v8::Object>’ has no member named ‘Clear’
  394 |     handle.Clear();
      |     ~~~~~~~^~~~~
../ext/nan.h:1186:25: warning: ‘NanCString’ defined but not used [-Wunused-variable]
 1186 | static NAN_INLINE(char* NanCString(
      |                         ^~~~~~~~~~
../ext/nan.h:141:71: note: in definition of macro ‘NAN_INLINE’
  141 | # define NAN_INLINE(declarator) inline __attribute__((always_inline)) declarator
      |                                                                       ^~~~~~~~~~
../ext/nan.h:1174:25: warning: ‘NanFromV8String’ defined but not used [-Wunused-variable]
 1174 | static NAN_INLINE(char* NanFromV8String(
      |                         ^~~~~~~~~~~~~~~
../ext/nan.h:141:71: note: in definition of macro ‘NAN_INLINE’
  141 | # define NAN_INLINE(declarator) inline __attribute__((always_inline)) declarator
      |                                                                       ^~~~~~~~~~
../ext/nan.h:1027:25: warning: ‘NanRawString’ defined but not used [-Wunused-variable]
 1027 | static NAN_INLINE(void* NanRawString(
      |                         ^~~~~~~~~~~~
../ext/nan.h:141:71: note: in definition of macro ‘NAN_INLINE’
  141 | # define NAN_INLINE(declarator) inline __attribute__((always_inline)) declarator
      |                                                                       ^~~~~~~~~~
../ext/nan.h:991:13: warning: ‘_NanGetExternalParts’ defined but not used [-Wunused-variable]
  991 | static bool _NanGetExternalParts(
      |             ^~~~~~~~~~~~~~~~~~~~
make: *** [bson.target.mk:109: Release/obj.target/bson/ext/bson.o] Error 1
gyp ERR! build error 
gyp ERR! stack Error: `make` failed with exit code: 2
gyp ERR! stack     at ChildProcess.onExit (/usr/lib/node_modules/npm/node_modules/node-gyp/lib/build.js:203:23)
gyp ERR! stack     at ChildProcess.emit (node:events:513:28)
gyp ERR! stack     at ChildProcess._handle.onexit (node:internal/child_process:291:12)
gyp ERR! System Linux 6.2.0-26-generic
gyp ERR! command "/usr/bin/node" "/usr/lib/node_modules/npm/node_modules/node-gyp/bin/node-gyp.js" "rebuild"
gyp ERR! cwd /home/harsh/Web-dev/Multiple_PUB_SUB_IOT/node_modules/bson
gyp ERR! node -v v18.16.1
gyp ERR! node-gyp -v v9.3.1
gyp ERR! not ok 
